Release 14.7 - xst P.20131013 (nt64)
Copyright (c) 1995-2013 Xilinx, Inc.  All rights reserved.
--> Parameter TMPDIR set to xst/projnav.tmp


Total REAL time to Xst completion: 0.00 secs
Total CPU time to Xst completion: 0.12 secs
 
--> Parameter xsthdpdir set to xst


Total REAL time to Xst completion: 0.00 secs
Total CPU time to Xst completion: 0.12 secs
 
--> Reading design: MIPS.prj

TABLE OF CONTENTS
  1) Synthesis Options Summary
  2) HDL Parsing
  3) HDL Elaboration
  4) HDL Synthesis
       4.1) HDL Synthesis Report
  5) Advanced HDL Synthesis
       5.1) Advanced HDL Synthesis Report
  6) Low Level Synthesis
  7) Partition Report
  8) Design Summary
       8.1) Primitive and Black Box Usage
       8.2) Device utilization summary
       8.3) Partition Resource Summary
       8.4) Timing Report
            8.4.1) Clock Information
            8.4.2) Asynchronous Control Signals Information
            8.4.3) Timing Summary
            8.4.4) Timing Details
            8.4.5) Cross Clock Domains Report


=========================================================================
*                      Synthesis Options Summary                        *
=========================================================================
---- Source Parameters
Input File Name                    : "MIPS.prj"
Ignore Synthesis Constraint File   : NO

---- Target Parameters
Output File Name                   : "MIPS"
Output Format                      : NGC
Target Device                      : xc7a100t-1-csg324

---- Source Options
Top Module Name                    : MIPS
Automatic FSM Extraction           : YES
FSM Encoding Algorithm             : Auto
Safe Implementation                : No
FSM Style                          : LUT
RAM Extraction                     : Yes
RAM Style                          : Auto
ROM Extraction                     : Yes
Shift Register Extraction          : YES
ROM Style                          : Auto
Resource Sharing                   : YES
Asynchronous To Synchronous        : NO
Shift Register Minimum Size        : 2
Use DSP Block                      : Auto
Automatic Register Balancing       : No

---- Target Options
LUT Combining                      : Auto
Reduce Control Sets                : Auto
Add IO Buffers                     : YES
Global Maximum Fanout              : 100000
Add Generic Clock Buffer(BUFG)     : 32
Register Duplication               : YES
Optimize Instantiated Primitives   : NO
Use Clock Enable                   : Auto
Use Synchronous Set                : Auto
Use Synchronous Reset              : Auto
Pack IO Registers into IOBs        : Auto
Equivalent register Removal        : YES

---- General Options
Optimization Goal                  : Speed
Optimization Effort                : 1
Power Reduction                    : NO
Keep Hierarchy                     : No
Netlist Hierarchy                  : As_Optimized
RTL Output                         : Yes
Global Optimization                : AllClockNets
Read Cores                         : YES
Write Timing Constraints           : NO
Cross Clock Analysis               : NO
Hierarchy Separator                : /
Bus Delimiter                      : <>
Case Specifier                     : Maintain
Slice Utilization Ratio            : 100
BRAM Utilization Ratio             : 100
DSP48 Utilization Ratio            : 100
Auto BRAM Packing                  : NO
Slice Utilization Ratio Delta      : 5

=========================================================================


=========================================================================
*                          HDL Parsing                                  *
=========================================================================
Parsing VHDL file "C:\Users\Sebastian\Desktop\Computer-Architecure-Lab3\RegFile.vhd" into library work
Parsing entity <RegFile>.
Parsing architecture <arch_RegFile> of entity <regfile>.
Parsing VHDL file "C:\Users\Sebastian\Desktop\Computer-Architecure-Lab3\PC.vhd" into library work
Parsing entity <PC>.
Parsing architecture <arch_PC> of entity <pc>.
Parsing VHDL file "C:\Users\Sebastian\Desktop\Computer-Architecure-Lab3\Lab3\SignExtend.vhd" into library work
Parsing entity <Sign_Extend>.
Parsing architecture <Behavioral> of entity <sign_extend>.
Parsing VHDL file "C:\Users\Sebastian\Desktop\Computer-Architecure-Lab3\ControlUnit.vhd" into library work
Parsing entity <ControlUnit>.
Parsing architecture <arch_ControlUnit> of entity <controlunit>.
Parsing VHDL file "C:\Users\Sebastian\Desktop\Computer-Architecure-Lab3\ALU.vhd" into library work
Parsing entity <ALU>.
Parsing architecture <arch_ALU> of entity <alu>.
Parsing VHDL file "C:\Users\Sebastian\Desktop\Computer-Architecure-Lab3\MIPS.vhd" into library work
Parsing entity <MIPS>.
Parsing architecture <arch_MIPS> of entity <mips>.

=========================================================================
*                            HDL Elaboration                            *
=========================================================================

Elaborating entity <MIPS> (architecture <arch_MIPS>) from library <work>.

Elaborating entity <PC> (architecture <arch_PC>) from library <work>.

Elaborating entity <ALU> (architecture <arch_ALU>) from library <work>.
INFO:HDLCompiler:679 - "C:\Users\Sebastian\Desktop\Computer-Architecure-Lab3\ALU.vhd" Line 76. Case statement is complete. others clause is never selected

Elaborating entity <ControlUnit> (architecture <arch_ControlUnit>) from library <work>.

Elaborating entity <RegFile> (architecture <arch_RegFile>) from library <work>.

Elaborating entity <Sign_Extend> (architecture <Behavioral>) from library <work>.

=========================================================================
*                           HDL Synthesis                               *
=========================================================================

Synthesizing Unit <MIPS>.
    Related source file is "C:\Users\Sebastian\Desktop\Computer-Architecure-Lab3\MIPS.vhd".
    Found 32-bit adder for signal <PC_out[31]_signExtendout[29]_add_9_OUT> created at line 262.
    Summary:
	inferred   1 Adder/Subtractor(s).
	inferred  34 Multiplexer(s).
Unit <MIPS> synthesized.

Synthesizing Unit <PC>.
    Related source file is "C:\Users\Sebastian\Desktop\Computer-Architecure-Lab3\PC.vhd".
    Found 1-bit register for signal <PC_out<31>>.
    Found 1-bit register for signal <PC_out<30>>.
    Found 1-bit register for signal <PC_out<29>>.
    Found 1-bit register for signal <PC_out<28>>.
    Found 1-bit register for signal <PC_out<27>>.
    Found 1-bit register for signal <PC_out<26>>.
    Found 1-bit register for signal <PC_out<25>>.
    Found 1-bit register for signal <PC_out<24>>.
    Found 1-bit register for signal <PC_out<23>>.
    Found 1-bit register for signal <PC_out<22>>.
    Found 1-bit register for signal <PC_out<21>>.
    Found 1-bit register for signal <PC_out<20>>.
    Found 1-bit register for signal <PC_out<19>>.
    Found 1-bit register for signal <PC_out<18>>.
    Found 1-bit register for signal <PC_out<17>>.
    Found 1-bit register for signal <PC_out<16>>.
    Found 1-bit register for signal <PC_out<15>>.
    Found 1-bit register for signal <PC_out<14>>.
    Found 1-bit register for signal <PC_out<13>>.
    Found 1-bit register for signal <PC_out<12>>.
    Found 1-bit register for signal <PC_out<11>>.
    Found 1-bit register for signal <PC_out<10>>.
    Found 1-bit register for signal <PC_out<9>>.
    Found 1-bit register for signal <PC_out<8>>.
    Found 1-bit register for signal <PC_out<7>>.
    Found 1-bit register for signal <PC_out<6>>.
    Found 1-bit register for signal <PC_out<5>>.
    Found 1-bit register for signal <PC_out<4>>.
    Found 1-bit register for signal <PC_out<3>>.
    Found 1-bit register for signal <PC_out<2>>.
    Found 1-bit register for signal <PC_out<1>>.
    Found 1-bit register for signal <PC_out<0>>.
    Found 32-bit adder for signal <PC_in[31]_GND_6_o_add_1_OUT> created at line 43.
    Summary:
	inferred   1 Adder/Subtractor(s).
	inferred  32 D-type flip-flop(s).
Unit <PC> synthesized.

Synthesizing Unit <ALU>.
    Related source file is "C:\Users\Sebastian\Desktop\Computer-Architecure-Lab3\ALU.vhd".
    Found 32-bit adder for signal <AplusB> created at line 43.
    Found 32-bit subtractor for signal <AminusB> created at line 38.
    Found 32-bit 4-to-1 multiplexer for signal <ALU_Out> created at line 51.
    Summary:
	inferred   2 Adder/Subtractor(s).
	inferred   2 Multiplexer(s).
Unit <ALU> synthesized.

Synthesizing Unit <ControlUnit>.
    Related source file is "C:\Users\Sebastian\Desktop\Computer-Architecure-Lab3\ControlUnit.vhd".
    Summary:
	no macro.
Unit <ControlUnit> synthesized.

Synthesizing Unit <RegFile>.
    Related source file is "C:\Users\Sebastian\Desktop\Computer-Architecure-Lab3\RegFile.vhd".
    Found 32x32-bit dual-port RAM <Mram_registers> for signal <registers>.
    Summary:
	inferred   2 RAM(s).
Unit <RegFile> synthesized.

Synthesizing Unit <Sign_Extend>.
    Related source file is "C:\Users\Sebastian\Desktop\Computer-Architecure-Lab3\Lab3\SignExtend.vhd".
    Summary:
	no macro.
Unit <Sign_Extend> synthesized.

=========================================================================
HDL Synthesis Report

Macro Statistics
# RAMs                                                 : 2
 32x32-bit dual-port RAM                               : 2
# Adders/Subtractors                                   : 4
 32-bit adder                                          : 3
 32-bit subtractor                                     : 1
# Registers                                            : 32
 1-bit register                                        : 32
# Multiplexers                                         : 36
 1-bit 2-to-1 multiplexer                              : 29
 32-bit 2-to-1 multiplexer                             : 5
 32-bit 4-to-1 multiplexer                             : 1
 5-bit 2-to-1 multiplexer                              : 1
# Xors                                                 : 3
 1-bit xor2                                            : 3

=========================================================================

=========================================================================
*                       Advanced HDL Synthesis                          *
=========================================================================


Synthesizing (advanced) Unit <RegFile>.
INFO:Xst:3218 - HDL ADVISOR - The RAM <Mram_registers> will be implemented on LUTs either because you have described an asynchronous read or because of currently unsupported block RAM features. If you have described an asynchronous read, making it synchronous would allow you to take advantage of available block RAM resources, for optimized device usage and improved timings. Please refer to your documentation for coding guidelines.
    -----------------------------------------------------------------------
    | ram_type           | Distributed                         |          |
    -----------------------------------------------------------------------
    | Port A                                                              |
    |     aspect ratio   | 32-word x 32-bit                    |          |
    |     clkA           | connected to signal <CLK>           | rise     |
    |     weA            | connected to signal <RegWrite>      | high     |
    |     addrA          | connected to signal <WriteAddr_Reg> |          |
    |     diA            | connected to signal <WriteData_Reg> |          |
    -----------------------------------------------------------------------
    | Port B                                                              |
    |     aspect ratio   | 32-word x 32-bit                    |          |
    |     addrB          | connected to signal <ReadAddr1_Reg> |          |
    |     doB            | connected to signal <ReadData1_Reg> |          |
    -----------------------------------------------------------------------
INFO:Xst:3218 - HDL ADVISOR - The RAM <Mram_registers1> will be implemented on LUTs either because you have described an asynchronous read or because of currently unsupported block RAM features. If you have described an asynchronous read, making it synchronous would allow you to take advantage of available block RAM resources, for optimized device usage and improved timings. Please refer to your documentation for coding guidelines.
    -----------------------------------------------------------------------
    | ram_type           | Distributed                         |          |
    -----------------------------------------------------------------------
    | Port A                                                              |
    |     aspect ratio   | 32-word x 32-bit                    |          |
    |     clkA           | connected to signal <CLK>           | rise     |
    |     weA            | connected to signal <RegWrite>      | high     |
    |     addrA          | connected to signal <WriteAddr_Reg> |          |
    |     diA            | connected to signal <WriteData_Reg> |          |
    -----------------------------------------------------------------------
    | Port B                                                              |
    |     aspect ratio   | 32-word x 32-bit                    |          |
    |     addrB          | connected to signal <ReadAddr2_Reg> |          |
    |     doB            | connected to signal <ReadData2_Reg> |          |
    -----------------------------------------------------------------------
Unit <RegFile> synthesized (advanced).

=========================================================================
Advanced HDL Synthesis Report

Macro Statistics
# RAMs                                                 : 2
 32x32-bit dual-port distributed RAM                   : 2
# Adders/Subtractors                                   : 4
 32-bit adder                                          : 3
 32-bit subtractor                                     : 1
# Registers                                            : 32
 Flip-Flops                                            : 32
# Multiplexers                                         : 36
 1-bit 2-to-1 multiplexer                              : 29
 32-bit 2-to-1 multiplexer                             : 5
 32-bit 4-to-1 multiplexer                             : 1
 5-bit 2-to-1 multiplexer                              : 1
# Xors                                                 : 3
 1-bit xor2                                            : 3

=========================================================================

=========================================================================
*                         Low Level Synthesis                           *
=========================================================================

Optimizing unit <MIPS> ...

Optimizing unit <PC> ...

Optimizing unit <ALU> ...
WARNING:Xst:1293 - FF/Latch <PC1/PC_out_0> has a constant value of 0 in block <MIPS>. This FF/Latch will be trimmed during the optimization process.
WARNING:Xst:1896 - Due to other FF/Latch trimming, FF/Latch <PC1/PC_out_1> has a constant value of 0 in block <MIPS>. This FF/Latch will be trimmed during the optimization process.

Mapping all equations...
Building and optimizing final netlist ...
Found area constraint ratio of 100 (+ 5) on block MIPS, actual ratio is 0.

Final Macro Processing ...

=========================================================================
Final Register Report

Macro Statistics
# Registers                                            : 30
 Flip-Flops                                            : 30

=========================================================================

=========================================================================
*                           Partition Report                            *
=========================================================================

Partition Implementation Status
-------------------------------

  No Partitions were found in this design.

-------------------------------

=========================================================================
*                            Design Summary                             *
=========================================================================

Top Level Output File Name         : MIPS.ngc

Primitive and Black Box Usage:
------------------------------
# BELS                             : 605
#      GND                         : 1
#      INV                         : 1
#      LUT2                        : 33
#      LUT3                        : 38
#      LUT4                        : 52
#      LUT5                        : 82
#      LUT6                        : 146
#      MUXCY                       : 127
#      VCC                         : 1
#      XORCY                       : 124
# FlipFlops/Latches                : 30
#      FDC                         : 29
#      FDP                         : 1
# RAMS                             : 14
#      RAM32M                      : 10
#      RAM32X1D                    : 4
# Clock Buffers                    : 1
#      BUFGP                       : 1
# IO Buffers                       : 163
#      IBUF                        : 65
#      OBUF                        : 98

Device utilization summary:
---------------------------

Selected Device : 7a100tcsg324-1 


Slice Logic Utilization: 
 Number of Slice Registers:              30  out of  126800     0%  
 Number of Slice LUTs:                  400  out of  63400     0%  
    Number used as Logic:               352  out of  63400     0%  
    Number used as Memory:               48  out of  19000     0%  
       Number used as RAM:               48

Slice Logic Distribution: 
 Number of LUT Flip Flop pairs used:    401
   Number with an unused Flip Flop:     371  out of    401    92%  
   Number with an unused LUT:             1  out of    401     0%  
   Number of fully used LUT-FF pairs:    29  out of    401     7%  
   Number of unique control sets:         1

IO Utilization: 
 Number of IOs:                         164
 Number of bonded IOBs:                 164  out of    210    78%  

Specific Feature Utilization:
 Number of BUFG/BUFGCTRLs:                1  out of     32     3%  

---------------------------
Partition Resource Summary:
---------------------------

  No Partitions were found in this design.

---------------------------


=========================================================================
Timing Report

NOTE: THESE TIMING NUMBERS ARE ONLY A SYNTHESIS ESTIMATE.
      FOR ACCURATE TIMING INFORMATION PLEASE REFER TO THE TRACE REPORT
      GENERATED AFTER PLACE-and-ROUTE.

Clock Information:
------------------
-----------------------------------+------------------------+-------+
Clock Signal                       | Clock buffer(FF name)  | Load  |
-----------------------------------+------------------------+-------+
CLK                                | BUFGP                  | 44    |
-----------------------------------+------------------------+-------+

Asynchronous Control Signals Information:
----------------------------------------
No asynchronous control signals found in this design

Timing Summary:
---------------
Speed Grade: -1

   Minimum period: 9.694ns (Maximum Frequency: 103.161MHz)
   Minimum input arrival time before clock: 10.320ns
   Maximum output required time after clock: 6.481ns
   Maximum combinational path delay: 7.108ns

Timing Details:
---------------
All values displayed in nanoseconds (ns)

=========================================================================
Timing constraint: Default period analysis for Clock 'CLK'
  Clock period: 9.694ns (frequency: 103.161MHz)
  Total number of paths / destination ports: 2069838 / 124
-------------------------------------------------------------------------
Delay:               9.694ns (Levels of Logic = 33)
  Source:            RegFile1/Mram_registers1 (RAM)
  Destination:       PC1/PC_out_2 (FF)
  Source Clock:      CLK rising
  Destination Clock: CLK rising

  Data Path: RegFile1/Mram_registers1 to PC1/PC_out_2
                                Gate     Net
    Cell:in->out      fanout   Delay   Delay  Logical Name (Net Name)
    ----------------------------------------  ------------
     RAM32M:WCLK->DOA0     4   1.640   0.556  RegFile1/Mram_registers1 (ReadData1_Reg<0>)
     LUT6:I4->O            1   0.124   0.000  ALU1/Msub_AminusB_lut<0> (ALU1/Msub_AminusB_lut<0>)
     MUXCY:S->O            1   0.472   0.000  ALU1/Msub_AminusB_cy<0> (ALU1/Msub_AminusB_cy<0>)
     MUXCY:CI->O           1   0.029   0.000  ALU1/Msub_AminusB_cy<1> (ALU1/Msub_AminusB_cy<1>)
     MUXCY:CI->O           1   0.029   0.000  ALU1/Msub_AminusB_cy<2> (ALU1/Msub_AminusB_cy<2>)
     MUXCY:CI->O           1   0.029   0.000  ALU1/Msub_AminusB_cy<3> (ALU1/Msub_AminusB_cy<3>)
     MUXCY:CI->O           1   0.029   0.000  ALU1/Msub_AminusB_cy<4> (ALU1/Msub_AminusB_cy<4>)
     MUXCY:CI->O           1   0.029   0.000  ALU1/Msub_AminusB_cy<5> (ALU1/Msub_AminusB_cy<5>)
     MUXCY:CI->O           1   0.029   0.000  ALU1/Msub_AminusB_cy<6> (ALU1/Msub_AminusB_cy<6>)
     MUXCY:CI->O           1   0.029   0.000  ALU1/Msub_AminusB_cy<7> (ALU1/Msub_AminusB_cy<7>)
     MUXCY:CI->O           1   0.029   0.000  ALU1/Msub_AminusB_cy<8> (ALU1/Msub_AminusB_cy<8>)
     MUXCY:CI->O           1   0.029   0.000  ALU1/Msub_AminusB_cy<9> (ALU1/Msub_AminusB_cy<9>)
     MUXCY:CI->O           1   0.029   0.000  ALU1/Msub_AminusB_cy<10> (ALU1/Msub_AminusB_cy<10>)
     MUXCY:CI->O           1   0.029   0.000  ALU1/Msub_AminusB_cy<11> (ALU1/Msub_AminusB_cy<11>)
     MUXCY:CI->O           1   0.029   0.000  ALU1/Msub_AminusB_cy<12> (ALU1/Msub_AminusB_cy<12>)
     MUXCY:CI->O           1   0.029   0.000  ALU1/Msub_AminusB_cy<13> (ALU1/Msub_AminusB_cy<13>)
     MUXCY:CI->O           1   0.029   0.000  ALU1/Msub_AminusB_cy<14> (ALU1/Msub_AminusB_cy<14>)
     MUXCY:CI->O           1   0.029   0.000  ALU1/Msub_AminusB_cy<15> (ALU1/Msub_AminusB_cy<15>)
     MUXCY:CI->O           1   0.029   0.000  ALU1/Msub_AminusB_cy<16> (ALU1/Msub_AminusB_cy<16>)
     MUXCY:CI->O           1   0.029   0.000  ALU1/Msub_AminusB_cy<17> (ALU1/Msub_AminusB_cy<17>)
     MUXCY:CI->O           1   0.029   0.000  ALU1/Msub_AminusB_cy<18> (ALU1/Msub_AminusB_cy<18>)
     MUXCY:CI->O           1   0.029   0.000  ALU1/Msub_AminusB_cy<19> (ALU1/Msub_AminusB_cy<19>)
     MUXCY:CI->O           1   0.029   0.000  ALU1/Msub_AminusB_cy<20> (ALU1/Msub_AminusB_cy<20>)
     XORCY:CI->O           2   0.510   0.925  ALU1/Msub_AminusB_xor<21> (ALU1/AminusB<21>)
     LUT6:I1->O            1   0.124   0.000  Branch_ALU_zero_AND_49_o_wg_lut<1> (Branch_ALU_zero_AND_49_o_wg_lut<1>)
     MUXCY:S->O            1   0.472   0.000  Branch_ALU_zero_AND_49_o_wg_cy<1> (Branch_ALU_zero_AND_49_o_wg_cy<1>)
     MUXCY:CI->O           1   0.029   0.000  Branch_ALU_zero_AND_49_o_wg_cy<2> (Branch_ALU_zero_AND_49_o_wg_cy<2>)
     MUXCY:CI->O           1   0.029   0.000  Branch_ALU_zero_AND_49_o_wg_cy<3> (Branch_ALU_zero_AND_49_o_wg_cy<3>)
     MUXCY:CI->O           1   0.029   0.000  Branch_ALU_zero_AND_49_o_wg_cy<4> (Branch_ALU_zero_AND_49_o_wg_cy<4>)
     MUXCY:CI->O           1   0.029   0.000  Branch_ALU_zero_AND_49_o_wg_cy<5> (Branch_ALU_zero_AND_49_o_wg_cy<5>)
     MUXCY:CI->O          58   0.334   0.579  Branch_ALU_zero_AND_49_o_wg_cy<6> (Branch_ALU_zero_AND_49_o)
     LUT5:I4->O            1   0.124   0.919  Mmux_PC_in171 (PC_in<24>)
     LUT5:I0->O            1   0.124   0.919  PC1/RESET_PC_in[31]_OR_32_o6 (PC1/RESET_PC_in[31]_OR_32_o6)
     LUT6:I1->O           30   0.124   0.551  PC1/RESET_PC_in[31]_OR_32_o7 (PC1/RESET_PC_in[31]_OR_32_o)
     FDC:CLR                   0.494          PC1/PC_out_30
    ----------------------------------------
    Total                      9.694ns (5.244ns logic, 4.449ns route)
                                       (54.1% logic, 45.9% route)

=========================================================================
Timing constraint: Default OFFSET IN BEFORE for Clock 'CLK'
  Total number of paths / destination ports: 21178283 / 228
-------------------------------------------------------------------------
Offset:              10.320ns (Levels of Logic = 20)
  Source:            Instr<27> (PAD)
  Destination:       PC1/PC_out_2 (FF)
  Destination Clock: CLK rising

  Data Path: Instr<27> to PC1/PC_out_2
                                Gate     Net
    Cell:in->out      fanout   Delay   Delay  Logical Name (Net Name)
    ----------------------------------------  ------------
     IBUF:I->O            32   0.001   1.072  Instr_27_IBUF (Instr_27_IBUF)
     LUT5:I0->O           79   0.124   0.879  ALUSrc_INV_71_o1 (ALUSrc_INV_71_o)
     LUT4:I1->O           30   0.124   1.091  Mmux_ALU_InB101 (Mmux_ALU_InB101)
     LUT6:I0->O            1   0.124   0.000  ALU1/Msub_AminusB_lut<16> (ALU1/Msub_AminusB_lut<16>)
     MUXCY:S->O            1   0.472   0.000  ALU1/Msub_AminusB_cy<16> (ALU1/Msub_AminusB_cy<16>)
     MUXCY:CI->O           1   0.029   0.000  ALU1/Msub_AminusB_cy<17> (ALU1/Msub_AminusB_cy<17>)
     MUXCY:CI->O           1   0.029   0.000  ALU1/Msub_AminusB_cy<18> (ALU1/Msub_AminusB_cy<18>)
     MUXCY:CI->O           1   0.029   0.000  ALU1/Msub_AminusB_cy<19> (ALU1/Msub_AminusB_cy<19>)
     MUXCY:CI->O           1   0.029   0.000  ALU1/Msub_AminusB_cy<20> (ALU1/Msub_AminusB_cy<20>)
     XORCY:CI->O           2   0.510   0.925  ALU1/Msub_AminusB_xor<21> (ALU1/AminusB<21>)
     LUT6:I1->O            1   0.124   0.000  Branch_ALU_zero_AND_49_o_wg_lut<1> (Branch_ALU_zero_AND_49_o_wg_lut<1>)
     MUXCY:S->O            1   0.472   0.000  Branch_ALU_zero_AND_49_o_wg_cy<1> (Branch_ALU_zero_AND_49_o_wg_cy<1>)
     MUXCY:CI->O           1   0.029   0.000  Branch_ALU_zero_AND_49_o_wg_cy<2> (Branch_ALU_zero_AND_49_o_wg_cy<2>)
     MUXCY:CI->O           1   0.029   0.000  Branch_ALU_zero_AND_49_o_wg_cy<3> (Branch_ALU_zero_AND_49_o_wg_cy<3>)
     MUXCY:CI->O           1   0.029   0.000  Branch_ALU_zero_AND_49_o_wg_cy<4> (Branch_ALU_zero_AND_49_o_wg_cy<4>)
     MUXCY:CI->O           1   0.029   0.000  Branch_ALU_zero_AND_49_o_wg_cy<5> (Branch_ALU_zero_AND_49_o_wg_cy<5>)
     MUXCY:CI->O          58   0.334   0.579  Branch_ALU_zero_AND_49_o_wg_cy<6> (Branch_ALU_zero_AND_49_o)
     LUT5:I4->O            1   0.124   0.919  Mmux_PC_in171 (PC_in<24>)
     LUT5:I0->O            1   0.124   0.919  PC1/RESET_PC_in[31]_OR_32_o6 (PC1/RESET_PC_in[31]_OR_32_o6)
     LUT6:I1->O           30   0.124   0.551  PC1/RESET_PC_in[31]_OR_32_o7 (PC1/RESET_PC_in[31]_OR_32_o)
     FDC:CLR                   0.494          PC1/PC_out_30
    ----------------------------------------
    Total                     10.320ns (3.385ns logic, 6.935ns route)
                                       (32.8% logic, 67.2% route)

=========================================================================
Timing constraint: Default OFFSET OUT AFTER for Clock 'CLK'
  Total number of paths / destination ports: 3391 / 94
-------------------------------------------------------------------------
Offset:              6.481ns (Levels of Logic = 36)
  Source:            RegFile1/Mram_registers1 (RAM)
  Destination:       Addr_Data<0> (PAD)
  Source Clock:      CLK rising

  Data Path: RegFile1/Mram_registers1 to Addr_Data<0>
                                Gate     Net
    Cell:in->out      fanout   Delay   Delay  Logical Name (Net Name)
    ----------------------------------------  ------------
     RAM32M:WCLK->DOA0     4   1.640   0.556  RegFile1/Mram_registers1 (ReadData1_Reg<0>)
     LUT6:I4->O            1   0.124   0.000  ALU1/Msub_AminusB_lut<0> (ALU1/Msub_AminusB_lut<0>)
     MUXCY:S->O            1   0.472   0.000  ALU1/Msub_AminusB_cy<0> (ALU1/Msub_AminusB_cy<0>)
     MUXCY:CI->O           1   0.029   0.000  ALU1/Msub_AminusB_cy<1> (ALU1/Msub_AminusB_cy<1>)
     MUXCY:CI->O           1   0.029   0.000  ALU1/Msub_AminusB_cy<2> (ALU1/Msub_AminusB_cy<2>)
     MUXCY:CI->O           1   0.029   0.000  ALU1/Msub_AminusB_cy<3> (ALU1/Msub_AminusB_cy<3>)
     MUXCY:CI->O           1   0.029   0.000  ALU1/Msub_AminusB_cy<4> (ALU1/Msub_AminusB_cy<4>)
     MUXCY:CI->O           1   0.029   0.000  ALU1/Msub_AminusB_cy<5> (ALU1/Msub_AminusB_cy<5>)
     MUXCY:CI->O           1   0.029   0.000  ALU1/Msub_AminusB_cy<6> (ALU1/Msub_AminusB_cy<6>)
     MUXCY:CI->O           1   0.029   0.000  ALU1/Msub_AminusB_cy<7> (ALU1/Msub_AminusB_cy<7>)
     MUXCY:CI->O           1   0.029   0.000  ALU1/Msub_AminusB_cy<8> (ALU1/Msub_AminusB_cy<8>)
     MUXCY:CI->O           1   0.029   0.000  ALU1/Msub_AminusB_cy<9> (ALU1/Msub_AminusB_cy<9>)
     MUXCY:CI->O           1   0.029   0.000  ALU1/Msub_AminusB_cy<10> (ALU1/Msub_AminusB_cy<10>)
     MUXCY:CI->O           1   0.029   0.000  ALU1/Msub_AminusB_cy<11> (ALU1/Msub_AminusB_cy<11>)
     MUXCY:CI->O           1   0.029   0.000  ALU1/Msub_AminusB_cy<12> (ALU1/Msub_AminusB_cy<12>)
     MUXCY:CI->O           1   0.029   0.000  ALU1/Msub_AminusB_cy<13> (ALU1/Msub_AminusB_cy<13>)
     MUXCY:CI->O           1   0.029   0.000  ALU1/Msub_AminusB_cy<14> (ALU1/Msub_AminusB_cy<14>)
     MUXCY:CI->O           1   0.029   0.000  ALU1/Msub_AminusB_cy<15> (ALU1/Msub_AminusB_cy<15>)
     MUXCY:CI->O           1   0.029   0.000  ALU1/Msub_AminusB_cy<16> (ALU1/Msub_AminusB_cy<16>)
     MUXCY:CI->O           1   0.029   0.000  ALU1/Msub_AminusB_cy<17> (ALU1/Msub_AminusB_cy<17>)
     MUXCY:CI->O           1   0.029   0.000  ALU1/Msub_AminusB_cy<18> (ALU1/Msub_AminusB_cy<18>)
     MUXCY:CI->O           1   0.029   0.000  ALU1/Msub_AminusB_cy<19> (ALU1/Msub_AminusB_cy<19>)
     MUXCY:CI->O           1   0.029   0.000  ALU1/Msub_AminusB_cy<20> (ALU1/Msub_AminusB_cy<20>)
     MUXCY:CI->O           1   0.029   0.000  ALU1/Msub_AminusB_cy<21> (ALU1/Msub_AminusB_cy<21>)
     MUXCY:CI->O           1   0.029   0.000  ALU1/Msub_AminusB_cy<22> (ALU1/Msub_AminusB_cy<22>)
     MUXCY:CI->O           1   0.029   0.000  ALU1/Msub_AminusB_cy<23> (ALU1/Msub_AminusB_cy<23>)
     MUXCY:CI->O           1   0.029   0.000  ALU1/Msub_AminusB_cy<24> (ALU1/Msub_AminusB_cy<24>)
     MUXCY:CI->O           1   0.029   0.000  ALU1/Msub_AminusB_cy<25> (ALU1/Msub_AminusB_cy<25>)
     MUXCY:CI->O           1   0.029   0.000  ALU1/Msub_AminusB_cy<26> (ALU1/Msub_AminusB_cy<26>)
     MUXCY:CI->O           1   0.029   0.000  ALU1/Msub_AminusB_cy<27> (ALU1/Msub_AminusB_cy<27>)
     MUXCY:CI->O           1   0.029   0.000  ALU1/Msub_AminusB_cy<28> (ALU1/Msub_AminusB_cy<28>)
     MUXCY:CI->O           1   0.029   0.000  ALU1/Msub_AminusB_cy<29> (ALU1/Msub_AminusB_cy<29>)
     MUXCY:CI->O           0   0.029   0.000  ALU1/Msub_AminusB_cy<30> (ALU1/Msub_AminusB_cy<30>)
     XORCY:CI->O           3   0.510   0.730  ALU1/Msub_AminusB_xor<31> (ALU1/AminusB<31>)
     LUT5:I2->O            1   0.124   0.919  ALU1/Mmux_ALU_Out113 (ALU1/Mmux_ALU_Out13)
     LUT6:I1->O            2   0.124   0.405  ALU1/Mmux_ALU_Out114 (Addr_Data_0_OBUF)
     OBUF:I->O                 0.000          Addr_Data_0_OBUF (Addr_Data<0>)
    ----------------------------------------
    Total                      6.481ns (3.871ns logic, 2.610ns route)
                                       (59.7% logic, 40.3% route)

=========================================================================
Timing constraint: Default path analysis
  Total number of paths / destination ports: 38318 / 66
-------------------------------------------------------------------------
Delay:               7.108ns (Levels of Logic = 23)
  Source:            Instr<27> (PAD)
  Destination:       Addr_Data<0> (PAD)

  Data Path: Instr<27> to Addr_Data<0>
                                Gate     Net
    Cell:in->out      fanout   Delay   Delay  Logical Name (Net Name)
    ----------------------------------------  ------------
     IBUF:I->O            32   0.001   1.072  Instr_27_IBUF (Instr_27_IBUF)
     LUT5:I0->O           79   0.124   0.879  ALUSrc_INV_71_o1 (ALUSrc_INV_71_o)
     LUT4:I1->O           30   0.124   1.091  Mmux_ALU_InB101 (Mmux_ALU_InB101)
     LUT6:I0->O            1   0.124   0.000  ALU1/Msub_AminusB_lut<16> (ALU1/Msub_AminusB_lut<16>)
     MUXCY:S->O            1   0.472   0.000  ALU1/Msub_AminusB_cy<16> (ALU1/Msub_AminusB_cy<16>)
     MUXCY:CI->O           1   0.029   0.000  ALU1/Msub_AminusB_cy<17> (ALU1/Msub_AminusB_cy<17>)
     MUXCY:CI->O           1   0.029   0.000  ALU1/Msub_AminusB_cy<18> (ALU1/Msub_AminusB_cy<18>)
     MUXCY:CI->O           1   0.029   0.000  ALU1/Msub_AminusB_cy<19> (ALU1/Msub_AminusB_cy<19>)
     MUXCY:CI->O           1   0.029   0.000  ALU1/Msub_AminusB_cy<20> (ALU1/Msub_AminusB_cy<20>)
     MUXCY:CI->O           1   0.029   0.000  ALU1/Msub_AminusB_cy<21> (ALU1/Msub_AminusB_cy<21>)
     MUXCY:CI->O           1   0.029   0.000  ALU1/Msub_AminusB_cy<22> (ALU1/Msub_AminusB_cy<22>)
     MUXCY:CI->O           1   0.029   0.000  ALU1/Msub_AminusB_cy<23> (ALU1/Msub_AminusB_cy<23>)
     MUXCY:CI->O           1   0.029   0.000  ALU1/Msub_AminusB_cy<24> (ALU1/Msub_AminusB_cy<24>)
     MUXCY:CI->O           1   0.029   0.000  ALU1/Msub_AminusB_cy<25> (ALU1/Msub_AminusB_cy<25>)
     MUXCY:CI->O           1   0.029   0.000  ALU1/Msub_AminusB_cy<26> (ALU1/Msub_AminusB_cy<26>)
     MUXCY:CI->O           1   0.029   0.000  ALU1/Msub_AminusB_cy<27> (ALU1/Msub_AminusB_cy<27>)
     MUXCY:CI->O           1   0.029   0.000  ALU1/Msub_AminusB_cy<28> (ALU1/Msub_AminusB_cy<28>)
     MUXCY:CI->O           1   0.029   0.000  ALU1/Msub_AminusB_cy<29> (ALU1/Msub_AminusB_cy<29>)
     MUXCY:CI->O           0   0.029   0.000  ALU1/Msub_AminusB_cy<30> (ALU1/Msub_AminusB_cy<30>)
     XORCY:CI->O           3   0.510   0.730  ALU1/Msub_AminusB_xor<31> (ALU1/AminusB<31>)
     LUT5:I2->O            1   0.124   0.919  ALU1/Mmux_ALU_Out113 (ALU1/Mmux_ALU_Out13)
     LUT6:I1->O            2   0.124   0.405  ALU1/Mmux_ALU_Out114 (Addr_Data_0_OBUF)
     OBUF:I->O                 0.000          Addr_Data_0_OBUF (Addr_Data<0>)
    ----------------------------------------
    Total                      7.108ns (2.013ns logic, 5.095ns route)
                                       (28.3% logic, 71.7% route)

=========================================================================

Cross Clock Domains Report:
--------------------------

Clock to Setup on destination clock CLK
---------------+---------+---------+---------+---------+
               | Src:Rise| Src:Fall| Src:Rise| Src:Fall|
Source Clock   |Dest:Rise|Dest:Rise|Dest:Fall|Dest:Fall|
---------------+---------+---------+---------+---------+
CLK            |    9.694|         |         |         |
---------------+---------+---------+---------+---------+

=========================================================================


Total REAL time to Xst completion: 14.00 secs
Total CPU time to Xst completion: 14.42 secs
 
--> 

Total memory usage is 353360 kilobytes

Number of errors   :    0 (   0 filtered)
Number of warnings :    2 (   0 filtered)
Number of infos    :    2 (   0 filtered)

