Release 14.7 - xst P.20131013 (nt64)
Copyright (c) 1995-2013 Xilinx, Inc.  All rights reserved.
--> Parameter TMPDIR set to xst/projnav.tmp


Total REAL time to Xst completion: 0.00 secs
Total CPU time to Xst completion: 0.12 secs
 
--> Parameter xsthdpdir set to xst


Total REAL time to Xst completion: 0.00 secs
Total CPU time to Xst completion: 0.12 secs
 
--> Reading design: TOP.prj

TABLE OF CONTENTS
  1) Synthesis Options Summary
  2) HDL Parsing
  3) HDL Elaboration
  4) HDL Synthesis
       4.1) HDL Synthesis Report
  5) Advanced HDL Synthesis
       5.1) Advanced HDL Synthesis Report
  6) Low Level Synthesis
  7) Partition Report
  8) Design Summary
       8.1) Primitive and Black Box Usage
       8.2) Device utilization summary
       8.3) Partition Resource Summary
       8.4) Timing Report
            8.4.1) Clock Information
            8.4.2) Asynchronous Control Signals Information
            8.4.3) Timing Summary
            8.4.4) Timing Details
            8.4.5) Cross Clock Domains Report


=========================================================================
*                      Synthesis Options Summary                        *
=========================================================================
---- Source Parameters
Input File Name                    : "TOP.prj"
Ignore Synthesis Constraint File   : NO

---- Target Parameters
Output File Name                   : "TOP"
Output Format                      : NGC
Target Device                      : xc7a100t-1-csg324

---- Source Options
Top Module Name                    : TOP
Automatic FSM Extraction           : YES
FSM Encoding Algorithm             : Auto
Safe Implementation                : No
FSM Style                          : LUT
RAM Extraction                     : Yes
RAM Style                          : Auto
ROM Extraction                     : Yes
Shift Register Extraction          : YES
ROM Style                          : Auto
Resource Sharing                   : YES
Asynchronous To Synchronous        : NO
Shift Register Minimum Size        : 2
Use DSP Block                      : Auto
Automatic Register Balancing       : No

---- Target Options
LUT Combining                      : Auto
Reduce Control Sets                : Auto
Add IO Buffers                     : YES
Global Maximum Fanout              : 100000
Add Generic Clock Buffer(BUFG)     : 32
Register Duplication               : YES
Optimize Instantiated Primitives   : NO
Use Clock Enable                   : Auto
Use Synchronous Set                : Auto
Use Synchronous Reset              : Auto
Pack IO Registers into IOBs        : Auto
Equivalent register Removal        : YES

---- General Options
Optimization Goal                  : Speed
Optimization Effort                : 1
Power Reduction                    : NO
Keep Hierarchy                     : No
Netlist Hierarchy                  : As_Optimized
RTL Output                         : Yes
Global Optimization                : AllClockNets
Read Cores                         : YES
Write Timing Constraints           : NO
Cross Clock Analysis               : NO
Hierarchy Separator                : /
Bus Delimiter                      : <>
Case Specifier                     : Maintain
Slice Utilization Ratio            : 100
BRAM Utilization Ratio             : 100
DSP48 Utilization Ratio            : 100
Auto BRAM Packing                  : NO
Slice Utilization Ratio Delta      : 5

=========================================================================


=========================================================================
*                          HDL Parsing                                  *
=========================================================================
Parsing VHDL file "C:\Users\User\Documents\GitHub\WorkingLab3B\srl_shifter.vhd" into library work
Parsing entity <srl_shifter>.
Parsing architecture <Behavioral> of entity <srl_shifter>.
Parsing VHDL file "C:\Users\User\Documents\GitHub\WorkingLab3B\sra_shifter.vhd" into library work
Parsing entity <sra_shifter>.
Parsing architecture <Behavioral> of entity <sra_shifter>.
Parsing VHDL file "C:\Users\User\Documents\GitHub\WorkingLab3B\sll_shifter.vhd" into library work
Parsing entity <sll_shifter>.
Parsing architecture <Behavioral> of entity <sll_shifter>.
Parsing VHDL file "C:\Users\User\Documents\GitHub\WorkingLab3B\Shift.vhd" into library work
Parsing entity <Shift>.
Parsing architecture <Behavioral> of entity <shift>.
Parsing VHDL file "C:\Users\User\Documents\GitHub\WorkingLab3B\ADDSUB.vhd" into library work
Parsing entity <ADDSUB>.
Parsing architecture <ADDSUB_arch> of entity <addsub>.
Parsing VHDL file "C:\Users\User\Documents\GitHub\WorkingLab3B\RegFile.vhd" into library work
Parsing entity <RegFile>.
Parsing architecture <arch_RegFile> of entity <regfile>.
Parsing VHDL file "C:\Users\User\Documents\GitHub\WorkingLab3B\PC.vhd" into library work
Parsing entity <PC>.
Parsing architecture <arch_PC> of entity <pc>.
Parsing VHDL file "C:\Users\User\Documents\GitHub\WorkingLab3B\Lab3\SignExtend.vhd" into library work
Parsing entity <Sign_Extend>.
Parsing architecture <Behavioral> of entity <sign_extend>.
Parsing VHDL file "C:\Users\User\Documents\GitHub\WorkingLab3B\HILO_reg.vhd" into library work
Parsing entity <HILO_reg>.
Parsing architecture <Behavioral> of entity <hilo_reg>.
Parsing VHDL file "C:\Users\User\Documents\GitHub\WorkingLab3B\ControlUnit.vhd" into library work
Parsing entity <ControlUnit>.
Parsing architecture <arch_ControlUnit> of entity <controlunit>.
Parsing VHDL file "C:\Users\User\Documents\GitHub\WorkingLab3B\alumain.vhd" into library work
Parsing entity <alu>.
Parsing architecture <Behavioral> of entity <alu>.
Parsing VHDL file "C:\Users\User\Documents\GitHub\WorkingLab3B\MIPS.vhd" into library work
Parsing entity <MIPS>.
Parsing architecture <arch_MIPS> of entity <mips>.
Parsing VHDL file "C:\Users\User\Documents\GitHub\WorkingLab3B\TOP.vhd" into library work
Parsing entity <TOP>.
Parsing architecture <arch_TOP> of entity <top>.

=========================================================================
*                            HDL Elaboration                            *
=========================================================================

Elaborating entity <TOP> (architecture <arch_TOP>) from library <work>.

Elaborating entity <MIPS> (architecture <arch_MIPS>) from library <work>.

Elaborating entity <PC> (architecture <arch_PC>) from library <work>.

Elaborating entity <alu> (architecture <Behavioral>) with generics from library <work>.

Elaborating entity <ADDSUB> (architecture <ADDSUB_arch>) with generics from library <work>.

Elaborating entity <Shift> (architecture <Behavioral>) from library <work>.

Elaborating entity <sll_shifter> (architecture <Behavioral>) from library <work>.

Elaborating entity <srl_shifter> (architecture <Behavioral>) from library <work>.

Elaborating entity <sra_shifter> (architecture <Behavioral>) from library <work>.

Elaborating entity <ControlUnit> (architecture <arch_ControlUnit>) from library <work>.

Elaborating entity <RegFile> (architecture <arch_RegFile>) from library <work>.

Elaborating entity <Sign_Extend> (architecture <Behavioral>) from library <work>.

Elaborating entity <HILO_reg> (architecture <Behavioral>) from library <work>.

=========================================================================
*                           HDL Synthesis                               *
=========================================================================

Synthesizing Unit <TOP>.
    Related source file is "C:\Users\User\Documents\GitHub\WorkingLab3B\TOP.vhd".
    Found 256x32-bit single-port RAM <Mram_DATA_MEM> for signal <DATA_MEM>.
    Found 1-bit register for signal <LED<6>>.
    Found 1-bit register for signal <LED<5>>.
    Found 1-bit register for signal <LED<4>>.
    Found 1-bit register for signal <LED<3>>.
    Found 1-bit register for signal <LED<2>>.
    Found 1-bit register for signal <LED<1>>.
    Found 1-bit register for signal <LED<0>>.
    Found 26-bit register for signal <CLK_DIV_PROCESS.clk_counter>.
    Found 1-bit register for signal <CLK>.
    Found 1-bit register for signal <LED<7>>.
    Found 26-bit adder for signal <CLK_DIV_PROCESS.clk_counter[25]_GND_5_o_add_12_OUT> created at line 235.
    Found 256x32-bit Read Only RAM for signal <Addr_Instr[9]_GND_5_o_wide_mux_8_OUT>
    Found 32-bit comparator lessequal for signal <n0000> created at line 180
    Found 32-bit comparator lessequal for signal <n0002> created at line 180
    Summary:
	inferred   2 RAM(s).
	inferred   1 Adder/Subtractor(s).
	inferred  35 D-type flip-flop(s).
	inferred   2 Comparator(s).
	inferred   3 Multiplexer(s).
Unit <TOP> synthesized.

Synthesizing Unit <MIPS>.
    Related source file is "C:\Users\User\Documents\GitHub\WorkingLab3B\MIPS.vhd".
INFO:Xst:3210 - "C:\Users\User\Documents\GitHub\WorkingLab3B\MIPS.vhd" line 218: Output port <Status> of the instance <ALU1> is unconnected or connected to loadless signal.
    Found 32-bit adder for signal <PC_out[31]_signExtendout[29]_add_61_OUT> created at line 392.
    Found 32-bit adder for signal <PC_out[31]_GND_6_o_add_70_OUT> created at line 407.
    Summary:
	inferred   2 Adder/Subtractor(s).
	inferred  33 Multiplexer(s).
Unit <MIPS> synthesized.

Synthesizing Unit <PC>.
    Related source file is "C:\Users\User\Documents\GitHub\WorkingLab3B\PC.vhd".
    Found 1-bit register for signal <PC_out<31>>.
    Found 1-bit register for signal <PC_out<30>>.
    Found 1-bit register for signal <PC_out<29>>.
    Found 1-bit register for signal <PC_out<28>>.
    Found 1-bit register for signal <PC_out<27>>.
    Found 1-bit register for signal <PC_out<26>>.
    Found 1-bit register for signal <PC_out<25>>.
    Found 1-bit register for signal <PC_out<24>>.
    Found 1-bit register for signal <PC_out<23>>.
    Found 1-bit register for signal <PC_out<22>>.
    Found 1-bit register for signal <PC_out<21>>.
    Found 1-bit register for signal <PC_out<20>>.
    Found 1-bit register for signal <PC_out<19>>.
    Found 1-bit register for signal <PC_out<18>>.
    Found 1-bit register for signal <PC_out<17>>.
    Found 1-bit register for signal <PC_out<16>>.
    Found 1-bit register for signal <PC_out<15>>.
    Found 1-bit register for signal <PC_out<14>>.
    Found 1-bit register for signal <PC_out<13>>.
    Found 1-bit register for signal <PC_out<12>>.
    Found 1-bit register for signal <PC_out<11>>.
    Found 1-bit register for signal <PC_out<10>>.
    Found 1-bit register for signal <PC_out<9>>.
    Found 1-bit register for signal <PC_out<8>>.
    Found 1-bit register for signal <PC_out<7>>.
    Found 1-bit register for signal <PC_out<6>>.
    Found 1-bit register for signal <PC_out<5>>.
    Found 1-bit register for signal <PC_out<4>>.
    Found 1-bit register for signal <PC_out<3>>.
    Found 1-bit register for signal <PC_out<2>>.
    Found 1-bit register for signal <PC_out<1>>.
    Found 1-bit register for signal <PC_out<0>>.
    Found 32-bit adder for signal <PC_in[31]_GND_7_o_add_1_OUT> created at line 43.
    Summary:
	inferred   1 Adder/Subtractor(s).
	inferred  32 D-type flip-flop(s).
Unit <PC> synthesized.

Synthesizing Unit <alu>.
    Related source file is "C:\Users\User\Documents\GitHub\WorkingLab3B\alumain.vhd".
        width = 32
    Found 16-bit register for signal <MULTI_CYCLE_PROCESS.count>.
    Found 64-bit register for signal <MULTI_CYCLE_PROCESS.temp_sum>.
    Found 1-bit register for signal <done>.
    Found 64-bit register for signal <MULTI_CYCLE_PROCESS.temp_op1>.
    Found 1-bit register for signal <MULTI_CYCLE_PROCESS.result_sign>.
    Found 32-bit register for signal <MULTI_CYCLE_PROCESS.temp_op2>.
    Found 32-bit register for signal <Result2_multi>.
    Found 32-bit register for signal <Result1_multi>.
    Found 1-bit register for signal <state>.
    Found 32-bit adder for signal <Operand1[31]_GND_9_o_add_27_OUT> created at line 331.
    Found 32-bit adder for signal <Operand2[31]_GND_9_o_add_29_OUT> created at line 333.
    Found 16-bit adder for signal <MULTI_CYCLE_PROCESS.count[15]_GND_9_o_add_32_OUT> created at line 341.
    Found 64-bit adder for signal <MULTI_CYCLE_PROCESS.temp_sum[63]_GND_9_o_add_35_OUT> created at line 345.
    Found 64-bit adder for signal <MULTI_CYCLE_PROCESS.temp_sum[63]_MULTI_CYCLE_PROCESS.temp_op1[63]_add_38_OUT> created at line 354.
    Summary:
	inferred   5 Adder/Subtractor(s).
	inferred 243 D-type flip-flop(s).
	inferred  52 Multiplexer(s).
Unit <alu> synthesized.

Synthesizing Unit <ADDSUB>.
    Related source file is "C:\Users\User\Documents\GitHub\WorkingLab3B\ADDSUB.vhd".
        width = 32
    Found 33-bit adder for signal <n0020> created at line 58.
    Found 33-bit adder for signal <SUM_WIDER> created at line 58.
    Summary:
	inferred   2 Adder/Subtractor(s).
Unit <ADDSUB> synthesized.

Synthesizing Unit <Shift>.
    Related source file is "C:\Users\User\Documents\GitHub\WorkingLab3B\Shift.vhd".
    Found 32-bit 4-to-1 multiplexer for signal <Result1> created at line 37.
    Summary:
	inferred   1 Multiplexer(s).
Unit <Shift> synthesized.

Synthesizing Unit <sll_shifter>.
    Related source file is "C:\Users\User\Documents\GitHub\WorkingLab3B\sll_shifter.vhd".
    Summary:
	inferred   6 Multiplexer(s).
Unit <sll_shifter> synthesized.

Synthesizing Unit <srl_shifter>.
    Related source file is "C:\Users\User\Documents\GitHub\WorkingLab3B\srl_shifter.vhd".
    Summary:
	inferred   6 Multiplexer(s).
Unit <srl_shifter> synthesized.

Synthesizing Unit <sra_shifter>.
    Related source file is "C:\Users\User\Documents\GitHub\WorkingLab3B\sra_shifter.vhd".
    Summary:
	inferred 186 Multiplexer(s).
Unit <sra_shifter> synthesized.

Synthesizing Unit <ControlUnit>.
    Related source file is "C:\Users\User\Documents\GitHub\WorkingLab3B\ControlUnit.vhd".
WARNING:Xst:647 - Input <Control_Instr<25:6>> is never used. This port will be preserved and left unconnected if it belongs to a top-level block or it belongs to a sub-block and the hierarchy of this sub-block is preserved.
    Found 32x1-bit Read Only RAM for signal <Jump>
    Found 32x1-bit Read Only RAM for signal <LinkReg>
    Found 4x2-bit Read Only RAM for signal <_n0082>
    Found 64x8-bit Read Only RAM for signal <_n0147>
    Summary:
	inferred   4 RAM(s).
	inferred   7 Multiplexer(s).
Unit <ControlUnit> synthesized.

Synthesizing Unit <RegFile>.
    Related source file is "C:\Users\User\Documents\GitHub\WorkingLab3B\RegFile.vhd".
    Found 32x32-bit dual-port RAM <Mram_registers> for signal <registers>.
    Summary:
	inferred   2 RAM(s).
Unit <RegFile> synthesized.

Synthesizing Unit <Sign_Extend>.
    Related source file is "C:\Users\User\Documents\GitHub\WorkingLab3B\Lab3\SignExtend.vhd".
    Summary:
	no macro.
Unit <Sign_Extend> synthesized.

Synthesizing Unit <HILO_reg>.
    Related source file is "C:\Users\User\Documents\GitHub\WorkingLab3B\HILO_reg.vhd".
    Found 32-bit register for signal <reg_Lo>.
    Found 32-bit register for signal <reg_Hi>.
    Summary:
	inferred  64 D-type flip-flop(s).
Unit <HILO_reg> synthesized.

=========================================================================
HDL Synthesis Report

Macro Statistics
# RAMs                                                 : 8
 256x32-bit single-port RAM                            : 1
 256x32-bit single-port Read Only RAM                  : 1
 32x1-bit single-port Read Only RAM                    : 2
 32x32-bit dual-port RAM                               : 2
 4x2-bit single-port Read Only RAM                     : 1
 64x8-bit single-port Read Only RAM                    : 1
# Adders/Subtractors                                   : 11
 16-bit adder                                          : 1
 26-bit adder                                          : 1
 32-bit adder                                          : 5
 33-bit adder                                          : 2
 64-bit adder                                          : 2
# Registers                                            : 53
 1-bit register                                        : 44
 16-bit register                                       : 1
 26-bit register                                       : 1
 32-bit register                                       : 5
 64-bit register                                       : 2
# Comparators                                          : 2
 32-bit comparator lessequal                           : 2
# Multiplexers                                         : 294
 1-bit 2-to-1 multiplexer                              : 203
 16-bit 2-to-1 multiplexer                             : 3
 3-bit 2-to-1 multiplexer                              : 5
 32-bit 2-to-1 multiplexer                             : 55
 32-bit 4-to-1 multiplexer                             : 1
 5-bit 2-to-1 multiplexer                              : 3
 6-bit 2-to-1 multiplexer                              : 15
 64-bit 2-to-1 multiplexer                             : 9
# Xors                                                 : 9
 1-bit xor2                                            : 4
 32-bit xor2                                           : 4
 64-bit xor2                                           : 1

=========================================================================

=========================================================================
*                       Advanced HDL Synthesis                          *
=========================================================================


Synthesizing (advanced) Unit <ControlUnit>.
INFO:Xst:3218 - HDL ADVISOR - The RAM <Mram_Jump> will be implemented on LUTs either because you have described an asynchronous read or because of currently unsupported block RAM features. If you have described an asynchronous read, making it synchronous would allow you to take advantage of available block RAM resources, for optimized device usage and improved timings. Please refer to your documentation for coding guidelines.
    -----------------------------------------------------------------------
    | ram_type           | Distributed                         |          |
    -----------------------------------------------------------------------
    | Port A                                                              |
    |     aspect ratio   | 32-word x 1-bit                     |          |
    |     weA            | connected to signal <GND>           | high     |
    |     addrA          | connected to signal <Control_Instr<31:27>> |          |
    |     diA            | connected to signal <GND>           |          |
    |     doA            | connected to signal <Jump>          |          |
    -----------------------------------------------------------------------
INFO:Xst:3218 - HDL ADVISOR - The RAM <Mram__n0147> will be implemented on LUTs either because you have described an asynchronous read or because of currently unsupported block RAM features. If you have described an asynchronous read, making it synchronous would allow you to take advantage of available block RAM resources, for optimized device usage and improved timings. Please refer to your documentation for coding guidelines.
    -----------------------------------------------------------------------
    | ram_type           | Distributed                         |          |
    -----------------------------------------------------------------------
    | Port A                                                              |
    |     aspect ratio   | 64-word x 8-bit                     |          |
    |     weA            | connected to signal <GND>           | high     |
    |     addrA          | connected to signal <Control_Instr> |          |
    |     diA            | connected to signal <GND>           |          |
    |     doA            | connected to internal node          |          |
    -----------------------------------------------------------------------
INFO:Xst:3218 - HDL ADVISOR - The RAM <Mram__n0082> will be implemented on LUTs either because you have described an asynchronous read or because of currently unsupported block RAM features. If you have described an asynchronous read, making it synchronous would allow you to take advantage of available block RAM resources, for optimized device usage and improved timings. Please refer to your documentation for coding guidelines.
    -----------------------------------------------------------------------
    | ram_type           | Distributed                         |          |
    -----------------------------------------------------------------------
    | Port A                                                              |
    |     aspect ratio   | 4-word x 2-bit                      |          |
    |     weA            | connected to signal <GND>           | high     |
    |     addrA          | connected to signal <(Control_Instr<31>,Control_Instr<29>)> |          |
    |     diA            | connected to signal <GND>           |          |
    |     doA            | connected to internal node          |          |
    -----------------------------------------------------------------------
INFO:Xst:3218 - HDL ADVISOR - The RAM <Mram_LinkReg> will be implemented on LUTs either because you have described an asynchronous read or because of currently unsupported block RAM features. If you have described an asynchronous read, making it synchronous would allow you to take advantage of available block RAM resources, for optimized device usage and improved timings. Please refer to your documentation for coding guidelines.
    -----------------------------------------------------------------------
    | ram_type           | Distributed                         |          |
    -----------------------------------------------------------------------
    | Port A                                                              |
    |     aspect ratio   | 32-word x 1-bit                     |          |
    |     weA            | connected to signal <GND>           | high     |
    |     addrA          | connected to signal <(Control_Instr<31:28>,Control_Instr<26>)> |          |
    |     diA            | connected to signal <GND>           |          |
    |     doA            | connected to signal <LinkReg>       |          |
    -----------------------------------------------------------------------
Unit <ControlUnit> synthesized (advanced).

Synthesizing (advanced) Unit <RegFile>.
INFO:Xst:3218 - HDL ADVISOR - The RAM <Mram_registers> will be implemented on LUTs either because you have described an asynchronous read or because of currently unsupported block RAM features. If you have described an asynchronous read, making it synchronous would allow you to take advantage of available block RAM resources, for optimized device usage and improved timings. Please refer to your documentation for coding guidelines.
    -----------------------------------------------------------------------
    | ram_type           | Distributed                         |          |
    -----------------------------------------------------------------------
    | Port A                                                              |
    |     aspect ratio   | 32-word x 32-bit                    |          |
    |     clkA           | connected to signal <CLK>           | rise     |
    |     weA            | connected to signal <RegWrite>      | high     |
    |     addrA          | connected to signal <WriteAddr_Reg> |          |
    |     diA            | connected to signal <WriteData_Reg> |          |
    -----------------------------------------------------------------------
    | Port B                                                              |
    |     aspect ratio   | 32-word x 32-bit                    |          |
    |     addrB          | connected to signal <ReadAddr1_Reg> |          |
    |     doB            | connected to signal <ReadData1_Reg> |          |
    -----------------------------------------------------------------------
INFO:Xst:3218 - HDL ADVISOR - The RAM <Mram_registers1> will be implemented on LUTs either because you have described an asynchronous read or because of currently unsupported block RAM features. If you have described an asynchronous read, making it synchronous would allow you to take advantage of available block RAM resources, for optimized device usage and improved timings. Please refer to your documentation for coding guidelines.
    -----------------------------------------------------------------------
    | ram_type           | Distributed                         |          |
    -----------------------------------------------------------------------
    | Port A                                                              |
    |     aspect ratio   | 32-word x 32-bit                    |          |
    |     clkA           | connected to signal <CLK>           | rise     |
    |     weA            | connected to signal <RegWrite>      | high     |
    |     addrA          | connected to signal <WriteAddr_Reg> |          |
    |     diA            | connected to signal <WriteData_Reg> |          |
    -----------------------------------------------------------------------
    | Port B                                                              |
    |     aspect ratio   | 32-word x 32-bit                    |          |
    |     addrB          | connected to signal <ReadAddr2_Reg> |          |
    |     doB            | connected to signal <ReadData2_Reg> |          |
    -----------------------------------------------------------------------
Unit <RegFile> synthesized (advanced).

Synthesizing (advanced) Unit <TOP>.
The following registers are absorbed into counter <CLK_DIV_PROCESS.clk_counter>: 1 register on signal <CLK_DIV_PROCESS.clk_counter>.
INFO:Xst:3218 - HDL ADVISOR - The RAM <Mram_DATA_MEM> will be implemented on LUTs either because you have described an asynchronous read or because of currently unsupported block RAM features. If you have described an asynchronous read, making it synchronous would allow you to take advantage of available block RAM resources, for optimized device usage and improved timings. Please refer to your documentation for coding guidelines.
    -----------------------------------------------------------------------
    | ram_type           | Distributed                         |          |
    -----------------------------------------------------------------------
    | Port A                                                              |
    |     aspect ratio   | 256-word x 32-bit                   |          |
    |     clkA           | connected to signal <LED<15>>       | rise     |
    |     weA            | connected to internal node          | high     |
    |     addrA          | connected to signal <Addr_Data<9:2>> |          |
    |     diA            | connected to signal <Data_Out>      |          |
    |     doA            | connected to internal node          |          |
    -----------------------------------------------------------------------
INFO:Xst:3218 - HDL ADVISOR - The RAM <Mram_Addr_Instr[9]_GND_5_o_wide_mux_8_OUT> will be implemented on LUTs either because you have described an asynchronous read or because of currently unsupported block RAM features. If you have described an asynchronous read, making it synchronous would allow you to take advantage of available block RAM resources, for optimized device usage and improved timings. Please refer to your documentation for coding guidelines.
    -----------------------------------------------------------------------
    | ram_type           | Distributed                         |          |
    -----------------------------------------------------------------------
    | Port A                                                              |
    |     aspect ratio   | 256-word x 32-bit                   |          |
    |     weA            | connected to signal <GND>           | high     |
    |     addrA          | connected to signal <(Addr_Instr<9:8>,LED<13:8>)> |          |
    |     diA            | connected to signal <GND>           |          |
    |     doA            | connected to internal node          |          |
    -----------------------------------------------------------------------
Unit <TOP> synthesized (advanced).

=========================================================================
Advanced HDL Synthesis Report

Macro Statistics
# RAMs                                                 : 8
 256x32-bit single-port distributed RAM                : 1
 256x32-bit single-port distributed Read Only RAM      : 1
 32x1-bit single-port distributed Read Only RAM        : 2
 32x32-bit dual-port distributed RAM                   : 2
 4x2-bit single-port distributed Read Only RAM         : 1
 64x8-bit single-port distributed Read Only RAM        : 1
# Adders/Subtractors                                   : 10
 16-bit adder                                          : 1
 26-bit adder                                          : 1
 32-bit adder                                          : 5
 33-bit adder carry in                                 : 1
 64-bit adder                                          : 2
# Counters                                             : 1
 26-bit up counter                                     : 1
# Registers                                            : 348
 Flip-Flops                                            : 348
# Comparators                                          : 2
 32-bit comparator lessequal                           : 2
# Multiplexers                                         : 357
 1-bit 2-to-1 multiplexer                              : 267
 16-bit 2-to-1 multiplexer                             : 3
 3-bit 2-to-1 multiplexer                              : 5
 32-bit 2-to-1 multiplexer                             : 55
 32-bit 4-to-1 multiplexer                             : 1
 5-bit 2-to-1 multiplexer                              : 3
 6-bit 2-to-1 multiplexer                              : 15
 64-bit 2-to-1 multiplexer                             : 8
# Xors                                                 : 9
 1-bit xor2                                            : 4
 32-bit xor2                                           : 4
 64-bit xor2                                           : 1

=========================================================================

=========================================================================
*                         Low Level Synthesis                           *
=========================================================================

Optimizing unit <HILO_reg> ...

Optimizing unit <TOP> ...

Optimizing unit <MIPS> ...

Optimizing unit <ControlUnit> ...

Optimizing unit <PC> ...

Optimizing unit <alu> ...
WARNING:Xst:1293 - FF/Latch <MIPS1/ALU1/Result2_multi_7> has a constant value of 0 in block <TOP>. This FF/Latch will be trimmed during the optimization process.
WARNING:Xst:1293 - FF/Latch <MIPS1/ALU1/Result2_multi_6> has a constant value of 0 in block <TOP>. This FF/Latch will be trimmed during the optimization process.
WARNING:Xst:1293 - FF/Latch <MIPS1/ALU1/Result2_multi_5> has a constant value of 0 in block <TOP>. This FF/Latch will be trimmed during the optimization process.
WARNING:Xst:1293 - FF/Latch <MIPS1/ALU1/Result2_multi_4> has a constant value of 0 in block <TOP>. This FF/Latch will be trimmed during the optimization process.
WARNING:Xst:1293 - FF/Latch <MIPS1/ALU1/Result2_multi_3> has a constant value of 0 in block <TOP>. This FF/Latch will be trimmed during the optimization process.
WARNING:Xst:1293 - FF/Latch <MIPS1/ALU1/Result2_multi_2> has a constant value of 0 in block <TOP>. This FF/Latch will be trimmed during the optimization process.
WARNING:Xst:1293 - FF/Latch <MIPS1/ALU1/Result2_multi_1> has a constant value of 0 in block <TOP>. This FF/Latch will be trimmed during the optimization process.
WARNING:Xst:1293 - FF/Latch <MIPS1/ALU1/Result2_multi_0> has a constant value of 0 in block <TOP>. This FF/Latch will be trimmed during the optimization process.
WARNING:Xst:1293 - FF/Latch <MIPS1/ALU1/Result1_multi_31> has a constant value of 0 in block <TOP>. This FF/Latch will be trimmed during the optimization process.
WARNING:Xst:1293 - FF/Latch <MIPS1/ALU1/Result1_multi_30> has a constant value of 0 in block <TOP>. This FF/Latch will be trimmed during the optimization process.
WARNING:Xst:1293 - FF/Latch <MIPS1/ALU1/Result1_multi_29> has a constant value of 0 in block <TOP>. This FF/Latch will be trimmed during the optimization process.
WARNING:Xst:1293 - FF/Latch <MIPS1/ALU1/Result1_multi_28> has a constant value of 0 in block <TOP>. This FF/Latch will be trimmed during the optimization process.
WARNING:Xst:1293 - FF/Latch <MIPS1/ALU1/Result1_multi_27> has a constant value of 0 in block <TOP>. This FF/Latch will be trimmed during the optimization process.
WARNING:Xst:1293 - FF/Latch <MIPS1/ALU1/Result1_multi_26> has a constant value of 0 in block <TOP>. This FF/Latch will be trimmed during the optimization process.
WARNING:Xst:1293 - FF/Latch <MIPS1/ALU1/Result1_multi_25> has a constant value of 0 in block <TOP>. This FF/Latch will be trimmed during the optimization process.
WARNING:Xst:1293 - FF/Latch <MIPS1/ALU1/Result1_multi_24> has a constant value of 0 in block <TOP>. This FF/Latch will be trimmed during the optimization process.
WARNING:Xst:1293 - FF/Latch <MIPS1/ALU1/Result1_multi_23> has a constant value of 0 in block <TOP>. This FF/Latch will be trimmed during the optimization process.
WARNING:Xst:1293 - FF/Latch <MIPS1/ALU1/Result1_multi_22> has a constant value of 0 in block <TOP>. This FF/Latch will be trimmed during the optimization process.
WARNING:Xst:1293 - FF/Latch <MIPS1/ALU1/Result1_multi_21> has a constant value of 0 in block <TOP>. This FF/Latch will be trimmed during the optimization process.
WARNING:Xst:1293 - FF/Latch <MIPS1/ALU1/Result1_multi_20> has a constant value of 0 in block <TOP>. This FF/Latch will be trimmed during the optimization process.
WARNING:Xst:1293 - FF/Latch <MIPS1/ALU1/Result1_multi_19> has a constant value of 0 in block <TOP>. This FF/Latch will be trimmed during the optimization process.
WARNING:Xst:1293 - FF/Latch <MIPS1/ALU1/Result1_multi_18> has a constant value of 0 in block <TOP>. This FF/Latch will be trimmed during the optimization process.
WARNING:Xst:1293 - FF/Latch <MIPS1/ALU1/Result1_multi_17> has a constant value of 0 in block <TOP>. This FF/Latch will be trimmed during the optimization process.
WARNING:Xst:1293 - FF/Latch <MIPS1/ALU1/Result1_multi_16> has a constant value of 0 in block <TOP>. This FF/Latch will be trimmed during the optimization process.
WARNING:Xst:1293 - FF/Latch <MIPS1/ALU1/Result2_multi_31> has a constant value of 0 in block <TOP>. This FF/Latch will be trimmed during the optimization process.
WARNING:Xst:1293 - FF/Latch <MIPS1/ALU1/Result2_multi_30> has a constant value of 0 in block <TOP>. This FF/Latch will be trimmed during the optimization process.
WARNING:Xst:1293 - FF/Latch <MIPS1/ALU1/Result2_multi_29> has a constant value of 0 in block <TOP>. This FF/Latch will be trimmed during the optimization process.
WARNING:Xst:1293 - FF/Latch <MIPS1/ALU1/Result2_multi_28> has a constant value of 0 in block <TOP>. This FF/Latch will be trimmed during the optimization process.
WARNING:Xst:1293 - FF/Latch <MIPS1/ALU1/Result2_multi_27> has a constant value of 0 in block <TOP>. This FF/Latch will be trimmed during the optimization process.
WARNING:Xst:1293 - FF/Latch <MIPS1/ALU1/Result2_multi_26> has a constant value of 0 in block <TOP>. This FF/Latch will be trimmed during the optimization process.
WARNING:Xst:1293 - FF/Latch <MIPS1/ALU1/Result2_multi_25> has a constant value of 0 in block <TOP>. This FF/Latch will be trimmed during the optimization process.
WARNING:Xst:1293 - FF/Latch <MIPS1/ALU1/Result2_multi_24> has a constant value of 0 in block <TOP>. This FF/Latch will be trimmed during the optimization process.
WARNING:Xst:1293 - FF/Latch <MIPS1/ALU1/Result2_multi_23> has a constant value of 0 in block <TOP>. This FF/Latch will be trimmed during the optimization process.
WARNING:Xst:1293 - FF/Latch <MIPS1/ALU1/Result2_multi_22> has a constant value of 0 in block <TOP>. This FF/Latch will be trimmed during the optimization process.
WARNING:Xst:1293 - FF/Latch <MIPS1/ALU1/Result2_multi_21> has a constant value of 0 in block <TOP>. This FF/Latch will be trimmed during the optimization process.
WARNING:Xst:1293 - FF/Latch <MIPS1/ALU1/Result2_multi_20> has a constant value of 0 in block <TOP>. This FF/Latch will be trimmed during the optimization process.
WARNING:Xst:1293 - FF/Latch <MIPS1/ALU1/Result2_multi_19> has a constant value of 0 in block <TOP>. This FF/Latch will be trimmed during the optimization process.
WARNING:Xst:1293 - FF/Latch <MIPS1/ALU1/Result2_multi_18> has a constant value of 0 in block <TOP>. This FF/Latch will be trimmed during the optimization process.
WARNING:Xst:1293 - FF/Latch <MIPS1/ALU1/Result2_multi_17> has a constant value of 0 in block <TOP>. This FF/Latch will be trimmed during the optimization process.
WARNING:Xst:1293 - FF/Latch <MIPS1/ALU1/Result2_multi_16> has a constant value of 0 in block <TOP>. This FF/Latch will be trimmed during the optimization process.
WARNING:Xst:1293 - FF/Latch <MIPS1/ALU1/Result2_multi_15> has a constant value of 0 in block <TOP>. This FF/Latch will be trimmed during the optimization process.
WARNING:Xst:1293 - FF/Latch <MIPS1/ALU1/Result2_multi_14> has a constant value of 0 in block <TOP>. This FF/Latch will be trimmed during the optimization process.
WARNING:Xst:1293 - FF/Latch <MIPS1/ALU1/Result2_multi_13> has a constant value of 0 in block <TOP>. This FF/Latch will be trimmed during the optimization process.
WARNING:Xst:1293 - FF/Latch <MIPS1/ALU1/Result2_multi_12> has a constant value of 0 in block <TOP>. This FF/Latch will be trimmed during the optimization process.
WARNING:Xst:1293 - FF/Latch <MIPS1/ALU1/Result2_multi_11> has a constant value of 0 in block <TOP>. This FF/Latch will be trimmed during the optimization process.
WARNING:Xst:1293 - FF/Latch <MIPS1/ALU1/Result2_multi_10> has a constant value of 0 in block <TOP>. This FF/Latch will be trimmed during the optimization process.
WARNING:Xst:1293 - FF/Latch <MIPS1/ALU1/Result2_multi_9> has a constant value of 0 in block <TOP>. This FF/Latch will be trimmed during the optimization process.
WARNING:Xst:1293 - FF/Latch <MIPS1/ALU1/Result2_multi_8> has a constant value of 0 in block <TOP>. This FF/Latch will be trimmed during the optimization process.
WARNING:Xst:1293 - FF/Latch <MIPS1/HiLO_reg1/reg_Hi_23> has a constant value of 0 in block <TOP>. This FF/Latch will be trimmed during the optimization process.
WARNING:Xst:1293 - FF/Latch <MIPS1/HiLO_reg1/reg_Hi_22> has a constant value of 0 in block <TOP>. This FF/Latch will be trimmed during the optimization process.
WARNING:Xst:1293 - FF/Latch <MIPS1/HiLO_reg1/reg_Hi_21> has a constant value of 0 in block <TOP>. This FF/Latch will be trimmed during the optimization process.
WARNING:Xst:1293 - FF/Latch <MIPS1/HiLO_reg1/reg_Hi_20> has a constant value of 0 in block <TOP>. This FF/Latch will be trimmed during the optimization process.
WARNING:Xst:1293 - FF/Latch <MIPS1/HiLO_reg1/reg_Hi_19> has a constant value of 0 in block <TOP>. This FF/Latch will be trimmed during the optimization process.
WARNING:Xst:1293 - FF/Latch <MIPS1/HiLO_reg1/reg_Hi_18> has a constant value of 0 in block <TOP>. This FF/Latch will be trimmed during the optimization process.
WARNING:Xst:1293 - FF/Latch <MIPS1/HiLO_reg1/reg_Hi_17> has a constant value of 0 in block <TOP>. This FF/Latch will be trimmed during the optimization process.
WARNING:Xst:1293 - FF/Latch <MIPS1/HiLO_reg1/reg_Hi_16> has a constant value of 0 in block <TOP>. This FF/Latch will be trimmed during the optimization process.
WARNING:Xst:1293 - FF/Latch <MIPS1/HiLO_reg1/reg_Hi_15> has a constant value of 0 in block <TOP>. This FF/Latch will be trimmed during the optimization process.
WARNING:Xst:1293 - FF/Latch <MIPS1/HiLO_reg1/reg_Hi_14> has a constant value of 0 in block <TOP>. This FF/Latch will be trimmed during the optimization process.
WARNING:Xst:1293 - FF/Latch <MIPS1/HiLO_reg1/reg_Hi_13> has a constant value of 0 in block <TOP>. This FF/Latch will be trimmed during the optimization process.
WARNING:Xst:1293 - FF/Latch <MIPS1/HiLO_reg1/reg_Hi_12> has a constant value of 0 in block <TOP>. This FF/Latch will be trimmed during the optimization process.
WARNING:Xst:1293 - FF/Latch <MIPS1/HiLO_reg1/reg_Hi_11> has a constant value of 0 in block <TOP>. This FF/Latch will be trimmed during the optimization process.
WARNING:Xst:1293 - FF/Latch <MIPS1/HiLO_reg1/reg_Hi_10> has a constant value of 0 in block <TOP>. This FF/Latch will be trimmed during the optimization process.
WARNING:Xst:1293 - FF/Latch <MIPS1/HiLO_reg1/reg_Hi_9> has a constant value of 0 in block <TOP>. This FF/Latch will be trimmed during the optimization process.
WARNING:Xst:1293 - FF/Latch <MIPS1/HiLO_reg1/reg_Hi_8> has a constant value of 0 in block <TOP>. This FF/Latch will be trimmed during the optimization process.
WARNING:Xst:1293 - FF/Latch <MIPS1/HiLO_reg1/reg_Hi_7> has a constant value of 0 in block <TOP>. This FF/Latch will be trimmed during the optimization process.
WARNING:Xst:1293 - FF/Latch <MIPS1/HiLO_reg1/reg_Hi_6> has a constant value of 0 in block <TOP>. This FF/Latch will be trimmed during the optimization process.
WARNING:Xst:1293 - FF/Latch <MIPS1/HiLO_reg1/reg_Hi_5> has a constant value of 0 in block <TOP>. This FF/Latch will be trimmed during the optimization process.
WARNING:Xst:1293 - FF/Latch <MIPS1/HiLO_reg1/reg_Hi_4> has a constant value of 0 in block <TOP>. This FF/Latch will be trimmed during the optimization process.
WARNING:Xst:1293 - FF/Latch <MIPS1/HiLO_reg1/reg_Hi_3> has a constant value of 0 in block <TOP>. This FF/Latch will be trimmed during the optimization process.
WARNING:Xst:1293 - FF/Latch <MIPS1/HiLO_reg1/reg_Hi_2> has a constant value of 0 in block <TOP>. This FF/Latch will be trimmed during the optimization process.
WARNING:Xst:1293 - FF/Latch <MIPS1/HiLO_reg1/reg_Hi_1> has a constant value of 0 in block <TOP>. This FF/Latch will be trimmed during the optimization process.
WARNING:Xst:1293 - FF/Latch <MIPS1/HiLO_reg1/reg_Hi_0> has a constant value of 0 in block <TOP>. This FF/Latch will be trimmed during the optimization process.
WARNING:Xst:1293 - FF/Latch <MIPS1/ALU1/Result1_multi_15> has a constant value of 0 in block <TOP>. This FF/Latch will be trimmed during the optimization process.
WARNING:Xst:1293 - FF/Latch <MIPS1/ALU1/Result1_multi_14> has a constant value of 0 in block <TOP>. This FF/Latch will be trimmed during the optimization process.
WARNING:Xst:1293 - FF/Latch <MIPS1/ALU1/Result1_multi_13> has a constant value of 0 in block <TOP>. This FF/Latch will be trimmed during the optimization process.
WARNING:Xst:1293 - FF/Latch <MIPS1/ALU1/Result1_multi_12> has a constant value of 0 in block <TOP>. This FF/Latch will be trimmed during the optimization process.
WARNING:Xst:1293 - FF/Latch <MIPS1/ALU1/Result1_multi_11> has a constant value of 0 in block <TOP>. This FF/Latch will be trimmed during the optimization process.
WARNING:Xst:1293 - FF/Latch <MIPS1/ALU1/Result1_multi_10> has a constant value of 0 in block <TOP>. This FF/Latch will be trimmed during the optimization process.
WARNING:Xst:1293 - FF/Latch <MIPS1/ALU1/Result1_multi_9> has a constant value of 0 in block <TOP>. This FF/Latch will be trimmed during the optimization process.
WARNING:Xst:1293 - FF/Latch <MIPS1/ALU1/Result1_multi_8> has a constant value of 0 in block <TOP>. This FF/Latch will be trimmed during the optimization process.
WARNING:Xst:1293 - FF/Latch <MIPS1/ALU1/Result1_multi_7> has a constant value of 0 in block <TOP>. This FF/Latch will be trimmed during the optimization process.
WARNING:Xst:1293 - FF/Latch <MIPS1/ALU1/Result1_multi_6> has a constant value of 0 in block <TOP>. This FF/Latch will be trimmed during the optimization process.
WARNING:Xst:1293 - FF/Latch <MIPS1/ALU1/Result1_multi_5> has a constant value of 0 in block <TOP>. This FF/Latch will be trimmed during the optimization process.
WARNING:Xst:1293 - FF/Latch <MIPS1/ALU1/Result1_multi_4> has a constant value of 0 in block <TOP>. This FF/Latch will be trimmed during the optimization process.
WARNING:Xst:1293 - FF/Latch <MIPS1/ALU1/Result1_multi_3> has a constant value of 0 in block <TOP>. This FF/Latch will be trimmed during the optimization process.
WARNING:Xst:1293 - FF/Latch <MIPS1/ALU1/Result1_multi_2> has a constant value of 0 in block <TOP>. This FF/Latch will be trimmed during the optimization process.
WARNING:Xst:1293 - FF/Latch <MIPS1/ALU1/Result1_multi_1> has a constant value of 0 in block <TOP>. This FF/Latch will be trimmed during the optimization process.
WARNING:Xst:1293 - FF/Latch <MIPS1/ALU1/Result1_multi_0> has a constant value of 0 in block <TOP>. This FF/Latch will be trimmed during the optimization process.
WARNING:Xst:1710 - FF/Latch <MIPS1/ALU1/MULTI_CYCLE_PROCESS.result_sign> (without init value) has a constant value of 0 in block <TOP>. This FF/Latch will be trimmed during the optimization process.
WARNING:Xst:1293 - FF/Latch <MIPS1/HiLO_reg1/reg_Hi_31> has a constant value of 0 in block <TOP>. This FF/Latch will be trimmed during the optimization process.
WARNING:Xst:1293 - FF/Latch <MIPS1/HiLO_reg1/reg_Hi_30> has a constant value of 0 in block <TOP>. This FF/Latch will be trimmed during the optimization process.
WARNING:Xst:1293 - FF/Latch <MIPS1/HiLO_reg1/reg_Hi_29> has a constant value of 0 in block <TOP>. This FF/Latch will be trimmed during the optimization process.
WARNING:Xst:1293 - FF/Latch <MIPS1/HiLO_reg1/reg_Hi_28> has a constant value of 0 in block <TOP>. This FF/Latch will be trimmed during the optimization process.
WARNING:Xst:1293 - FF/Latch <MIPS1/HiLO_reg1/reg_Hi_27> has a constant value of 0 in block <TOP>. This FF/Latch will be trimmed during the optimization process.
WARNING:Xst:1293 - FF/Latch <MIPS1/HiLO_reg1/reg_Hi_26> has a constant value of 0 in block <TOP>. This FF/Latch will be trimmed during the optimization process.
WARNING:Xst:1293 - FF/Latch <MIPS1/HiLO_reg1/reg_Hi_25> has a constant value of 0 in block <TOP>. This FF/Latch will be trimmed during the optimization process.
WARNING:Xst:1293 - FF/Latch <MIPS1/HiLO_reg1/reg_Hi_24> has a constant value of 0 in block <TOP>. This FF/Latch will be trimmed during the optimization process.
WARNING:Xst:1293 - FF/Latch <MIPS1/ALU1/MULTI_CYCLE_PROCESS.temp_op2_7> has a constant value of 0 in block <TOP>. This FF/Latch will be trimmed during the optimization process.
WARNING:Xst:1293 - FF/Latch <MIPS1/ALU1/MULTI_CYCLE_PROCESS.temp_op2_6> has a constant value of 0 in block <TOP>. This FF/Latch will be trimmed during the optimization process.
WARNING:Xst:1293 - FF/Latch <MIPS1/ALU1/MULTI_CYCLE_PROCESS.temp_op2_5> has a constant value of 0 in block <TOP>. This FF/Latch will be trimmed during the optimization process.
WARNING:Xst:1293 - FF/Latch <MIPS1/ALU1/MULTI_CYCLE_PROCESS.temp_op2_4> has a constant value of 0 in block <TOP>. This FF/Latch will be trimmed during the optimization process.
WARNING:Xst:1293 - FF/Latch <MIPS1/ALU1/MULTI_CYCLE_PROCESS.temp_op2_3> has a constant value of 0 in block <TOP>. This FF/Latch will be trimmed during the optimization process.
WARNING:Xst:1293 - FF/Latch <MIPS1/ALU1/MULTI_CYCLE_PROCESS.temp_op2_2> has a constant value of 0 in block <TOP>. This FF/Latch will be trimmed during the optimization process.
WARNING:Xst:1293 - FF/Latch <MIPS1/ALU1/MULTI_CYCLE_PROCESS.temp_op2_1> has a constant value of 0 in block <TOP>. This FF/Latch will be trimmed during the optimization process.
WARNING:Xst:1293 - FF/Latch <MIPS1/ALU1/MULTI_CYCLE_PROCESS.temp_op2_0> has a constant value of 0 in block <TOP>. This FF/Latch will be trimmed during the optimization process.
WARNING:Xst:1293 - FF/Latch <MIPS1/ALU1/MULTI_CYCLE_PROCESS.temp_op1_63> has a constant value of 0 in block <TOP>. This FF/Latch will be trimmed during the optimization process.
WARNING:Xst:1293 - FF/Latch <MIPS1/ALU1/MULTI_CYCLE_PROCESS.temp_op1_62> has a constant value of 0 in block <TOP>. This FF/Latch will be trimmed during the optimization process.
WARNING:Xst:1293 - FF/Latch <MIPS1/ALU1/MULTI_CYCLE_PROCESS.temp_op1_61> has a constant value of 0 in block <TOP>. This FF/Latch will be trimmed during the optimization process.
WARNING:Xst:1293 - FF/Latch <MIPS1/ALU1/MULTI_CYCLE_PROCESS.temp_op1_60> has a constant value of 0 in block <TOP>. This FF/Latch will be trimmed during the optimization process.
WARNING:Xst:1293 - FF/Latch <MIPS1/ALU1/MULTI_CYCLE_PROCESS.temp_op1_59> has a constant value of 0 in block <TOP>. This FF/Latch will be trimmed during the optimization process.
WARNING:Xst:1293 - FF/Latch <MIPS1/ALU1/MULTI_CYCLE_PROCESS.temp_op1_58> has a constant value of 0 in block <TOP>. This FF/Latch will be trimmed during the optimization process.
WARNING:Xst:1293 - FF/Latch <MIPS1/ALU1/MULTI_CYCLE_PROCESS.temp_op1_57> has a constant value of 0 in block <TOP>. This FF/Latch will be trimmed during the optimization process.
WARNING:Xst:1293 - FF/Latch <MIPS1/ALU1/MULTI_CYCLE_PROCESS.temp_op1_56> has a constant value of 0 in block <TOP>. This FF/Latch will be trimmed during the optimization process.
WARNING:Xst:1293 - FF/Latch <MIPS1/ALU1/MULTI_CYCLE_PROCESS.temp_op1_55> has a constant value of 0 in block <TOP>. This FF/Latch will be trimmed during the optimization process.
WARNING:Xst:1293 - FF/Latch <MIPS1/ALU1/MULTI_CYCLE_PROCESS.temp_op1_54> has a constant value of 0 in block <TOP>. This FF/Latch will be trimmed during the optimization process.
WARNING:Xst:1293 - FF/Latch <MIPS1/ALU1/MULTI_CYCLE_PROCESS.temp_op1_53> has a constant value of 0 in block <TOP>. This FF/Latch will be trimmed during the optimization process.
WARNING:Xst:1293 - FF/Latch <MIPS1/ALU1/MULTI_CYCLE_PROCESS.temp_op1_52> has a constant value of 0 in block <TOP>. This FF/Latch will be trimmed during the optimization process.
WARNING:Xst:1293 - FF/Latch <MIPS1/ALU1/MULTI_CYCLE_PROCESS.temp_op1_51> has a constant value of 0 in block <TOP>. This FF/Latch will be trimmed during the optimization process.
WARNING:Xst:1293 - FF/Latch <MIPS1/ALU1/MULTI_CYCLE_PROCESS.temp_op1_50> has a constant value of 0 in block <TOP>. This FF/Latch will be trimmed during the optimization process.
WARNING:Xst:1293 - FF/Latch <MIPS1/ALU1/MULTI_CYCLE_PROCESS.temp_op1_49> has a constant value of 0 in block <TOP>. This FF/Latch will be trimmed during the optimization process.
WARNING:Xst:1293 - FF/Latch <MIPS1/ALU1/MULTI_CYCLE_PROCESS.temp_op1_48> has a constant value of 0 in block <TOP>. This FF/Latch will be trimmed during the optimization process.
WARNING:Xst:1293 - FF/Latch <MIPS1/ALU1/MULTI_CYCLE_PROCESS.temp_op2_31> has a constant value of 0 in block <TOP>. This FF/Latch will be trimmed during the optimization process.
WARNING:Xst:1293 - FF/Latch <MIPS1/ALU1/MULTI_CYCLE_PROCESS.temp_op2_30> has a constant value of 0 in block <TOP>. This FF/Latch will be trimmed during the optimization process.
WARNING:Xst:1293 - FF/Latch <MIPS1/ALU1/MULTI_CYCLE_PROCESS.temp_op2_29> has a constant value of 0 in block <TOP>. This FF/Latch will be trimmed during the optimization process.
WARNING:Xst:1293 - FF/Latch <MIPS1/ALU1/MULTI_CYCLE_PROCESS.temp_op2_28> has a constant value of 0 in block <TOP>. This FF/Latch will be trimmed during the optimization process.
WARNING:Xst:1293 - FF/Latch <MIPS1/ALU1/MULTI_CYCLE_PROCESS.temp_op2_27> has a constant value of 0 in block <TOP>. This FF/Latch will be trimmed during the optimization process.
WARNING:Xst:1293 - FF/Latch <MIPS1/ALU1/MULTI_CYCLE_PROCESS.temp_op2_26> has a constant value of 0 in block <TOP>. This FF/Latch will be trimmed during the optimization process.
WARNING:Xst:1293 - FF/Latch <MIPS1/ALU1/MULTI_CYCLE_PROCESS.temp_op2_25> has a constant value of 0 in block <TOP>. This FF/Latch will be trimmed during the optimization process.
WARNING:Xst:1293 - FF/Latch <MIPS1/ALU1/MULTI_CYCLE_PROCESS.temp_op2_24> has a constant value of 0 in block <TOP>. This FF/Latch will be trimmed during the optimization process.
WARNING:Xst:1293 - FF/Latch <MIPS1/ALU1/MULTI_CYCLE_PROCESS.temp_op2_23> has a constant value of 0 in block <TOP>. This FF/Latch will be trimmed during the optimization process.
WARNING:Xst:1293 - FF/Latch <MIPS1/ALU1/MULTI_CYCLE_PROCESS.temp_op2_22> has a constant value of 0 in block <TOP>. This FF/Latch will be trimmed during the optimization process.
WARNING:Xst:1293 - FF/Latch <MIPS1/ALU1/MULTI_CYCLE_PROCESS.temp_op2_21> has a constant value of 0 in block <TOP>. This FF/Latch will be trimmed during the optimization process.
WARNING:Xst:1293 - FF/Latch <MIPS1/ALU1/MULTI_CYCLE_PROCESS.temp_op2_20> has a constant value of 0 in block <TOP>. This FF/Latch will be trimmed during the optimization process.
WARNING:Xst:1293 - FF/Latch <MIPS1/ALU1/MULTI_CYCLE_PROCESS.temp_op2_19> has a constant value of 0 in block <TOP>. This FF/Latch will be trimmed during the optimization process.
WARNING:Xst:1293 - FF/Latch <MIPS1/ALU1/MULTI_CYCLE_PROCESS.temp_op2_18> has a constant value of 0 in block <TOP>. This FF/Latch will be trimmed during the optimization process.
WARNING:Xst:1293 - FF/Latch <MIPS1/ALU1/MULTI_CYCLE_PROCESS.temp_op2_17> has a constant value of 0 in block <TOP>. This FF/Latch will be trimmed during the optimization process.
WARNING:Xst:1293 - FF/Latch <MIPS1/ALU1/MULTI_CYCLE_PROCESS.temp_op2_16> has a constant value of 0 in block <TOP>. This FF/Latch will be trimmed during the optimization process.
WARNING:Xst:1293 - FF/Latch <MIPS1/ALU1/MULTI_CYCLE_PROCESS.temp_op2_15> has a constant value of 0 in block <TOP>. This FF/Latch will be trimmed during the optimization process.
WARNING:Xst:1293 - FF/Latch <MIPS1/ALU1/MULTI_CYCLE_PROCESS.temp_op2_14> has a constant value of 0 in block <TOP>. This FF/Latch will be trimmed during the optimization process.
WARNING:Xst:1293 - FF/Latch <MIPS1/ALU1/MULTI_CYCLE_PROCESS.temp_op2_13> has a constant value of 0 in block <TOP>. This FF/Latch will be trimmed during the optimization process.
WARNING:Xst:1293 - FF/Latch <MIPS1/ALU1/MULTI_CYCLE_PROCESS.temp_op2_12> has a constant value of 0 in block <TOP>. This FF/Latch will be trimmed during the optimization process.
WARNING:Xst:1293 - FF/Latch <MIPS1/ALU1/MULTI_CYCLE_PROCESS.temp_op2_11> has a constant value of 0 in block <TOP>. This FF/Latch will be trimmed during the optimization process.
WARNING:Xst:1293 - FF/Latch <MIPS1/ALU1/MULTI_CYCLE_PROCESS.temp_op2_10> has a constant value of 0 in block <TOP>. This FF/Latch will be trimmed during the optimization process.
WARNING:Xst:1293 - FF/Latch <MIPS1/ALU1/MULTI_CYCLE_PROCESS.temp_op2_9> has a constant value of 0 in block <TOP>. This FF/Latch will be trimmed during the optimization process.
WARNING:Xst:1293 - FF/Latch <MIPS1/ALU1/MULTI_CYCLE_PROCESS.temp_op2_8> has a constant value of 0 in block <TOP>. This FF/Latch will be trimmed during the optimization process.
WARNING:Xst:1293 - FF/Latch <MIPS1/ALU1/MULTI_CYCLE_PROCESS.temp_op1_22> has a constant value of 0 in block <TOP>. This FF/Latch will be trimmed during the optimization process.
WARNING:Xst:1293 - FF/Latch <MIPS1/ALU1/MULTI_CYCLE_PROCESS.temp_op1_21> has a constant value of 0 in block <TOP>. This FF/Latch will be trimmed during the optimization process.
WARNING:Xst:1293 - FF/Latch <MIPS1/ALU1/MULTI_CYCLE_PROCESS.temp_op1_20> has a constant value of 0 in block <TOP>. This FF/Latch will be trimmed during the optimization process.
WARNING:Xst:1293 - FF/Latch <MIPS1/ALU1/MULTI_CYCLE_PROCESS.temp_op1_19> has a constant value of 0 in block <TOP>. This FF/Latch will be trimmed during the optimization process.
WARNING:Xst:1293 - FF/Latch <MIPS1/ALU1/MULTI_CYCLE_PROCESS.temp_op1_18> has a constant value of 0 in block <TOP>. This FF/Latch will be trimmed during the optimization process.
WARNING:Xst:1293 - FF/Latch <MIPS1/ALU1/MULTI_CYCLE_PROCESS.temp_op1_17> has a constant value of 0 in block <TOP>. This FF/Latch will be trimmed during the optimization process.
WARNING:Xst:1293 - FF/Latch <MIPS1/ALU1/MULTI_CYCLE_PROCESS.temp_op1_16> has a constant value of 0 in block <TOP>. This FF/Latch will be trimmed during the optimization process.
WARNING:Xst:1293 - FF/Latch <MIPS1/ALU1/MULTI_CYCLE_PROCESS.temp_op1_15> has a constant value of 0 in block <TOP>. This FF/Latch will be trimmed during the optimization process.
WARNING:Xst:1293 - FF/Latch <MIPS1/ALU1/MULTI_CYCLE_PROCESS.temp_op1_14> has a constant value of 0 in block <TOP>. This FF/Latch will be trimmed during the optimization process.
WARNING:Xst:1293 - FF/Latch <MIPS1/ALU1/MULTI_CYCLE_PROCESS.temp_op1_13> has a constant value of 0 in block <TOP>. This FF/Latch will be trimmed during the optimization process.
WARNING:Xst:1293 - FF/Latch <MIPS1/ALU1/MULTI_CYCLE_PROCESS.temp_op1_12> has a constant value of 0 in block <TOP>. This FF/Latch will be trimmed during the optimization process.
WARNING:Xst:1293 - FF/Latch <MIPS1/ALU1/MULTI_CYCLE_PROCESS.temp_op1_11> has a constant value of 0 in block <TOP>. This FF/Latch will be trimmed during the optimization process.
WARNING:Xst:1293 - FF/Latch <MIPS1/ALU1/MULTI_CYCLE_PROCESS.temp_op1_10> has a constant value of 0 in block <TOP>. This FF/Latch will be trimmed during the optimization process.
WARNING:Xst:1293 - FF/Latch <MIPS1/ALU1/MULTI_CYCLE_PROCESS.temp_op1_9> has a constant value of 0 in block <TOP>. This FF/Latch will be trimmed during the optimization process.
WARNING:Xst:1293 - FF/Latch <MIPS1/ALU1/MULTI_CYCLE_PROCESS.temp_op1_8> has a constant value of 0 in block <TOP>. This FF/Latch will be trimmed during the optimization process.
WARNING:Xst:1293 - FF/Latch <MIPS1/ALU1/MULTI_CYCLE_PROCESS.temp_op1_7> has a constant value of 0 in block <TOP>. This FF/Latch will be trimmed during the optimization process.
WARNING:Xst:1293 - FF/Latch <MIPS1/ALU1/MULTI_CYCLE_PROCESS.temp_op1_6> has a constant value of 0 in block <TOP>. This FF/Latch will be trimmed during the optimization process.
WARNING:Xst:1293 - FF/Latch <MIPS1/ALU1/MULTI_CYCLE_PROCESS.temp_op1_5> has a constant value of 0 in block <TOP>. This FF/Latch will be trimmed during the optimization process.
WARNING:Xst:1293 - FF/Latch <MIPS1/ALU1/MULTI_CYCLE_PROCESS.temp_op1_4> has a constant value of 0 in block <TOP>. This FF/Latch will be trimmed during the optimization process.
WARNING:Xst:1293 - FF/Latch <MIPS1/ALU1/MULTI_CYCLE_PROCESS.temp_op1_3> has a constant value of 0 in block <TOP>. This FF/Latch will be trimmed during the optimization process.
WARNING:Xst:1293 - FF/Latch <MIPS1/ALU1/MULTI_CYCLE_PROCESS.temp_op1_2> has a constant value of 0 in block <TOP>. This FF/Latch will be trimmed during the optimization process.
WARNING:Xst:1293 - FF/Latch <MIPS1/ALU1/MULTI_CYCLE_PROCESS.temp_op1_1> has a constant value of 0 in block <TOP>. This FF/Latch will be trimmed during the optimization process.
WARNING:Xst:1293 - FF/Latch <MIPS1/ALU1/MULTI_CYCLE_PROCESS.temp_op1_0> has a constant value of 0 in block <TOP>. This FF/Latch will be trimmed during the optimization process.
WARNING:Xst:1293 - FF/Latch <MIPS1/ALU1/state> has a constant value of 0 in block <TOP>. This FF/Latch will be trimmed during the optimization process.
WARNING:Xst:1293 - FF/Latch <MIPS1/ALU1/MULTI_CYCLE_PROCESS.temp_op1_47> has a constant value of 0 in block <TOP>. This FF/Latch will be trimmed during the optimization process.
WARNING:Xst:1293 - FF/Latch <MIPS1/ALU1/MULTI_CYCLE_PROCESS.temp_op1_46> has a constant value of 0 in block <TOP>. This FF/Latch will be trimmed during the optimization process.
WARNING:Xst:1293 - FF/Latch <MIPS1/ALU1/MULTI_CYCLE_PROCESS.temp_op1_45> has a constant value of 0 in block <TOP>. This FF/Latch will be trimmed during the optimization process.
WARNING:Xst:1293 - FF/Latch <MIPS1/ALU1/MULTI_CYCLE_PROCESS.temp_op1_44> has a constant value of 0 in block <TOP>. This FF/Latch will be trimmed during the optimization process.
WARNING:Xst:1293 - FF/Latch <MIPS1/ALU1/MULTI_CYCLE_PROCESS.temp_op1_43> has a constant value of 0 in block <TOP>. This FF/Latch will be trimmed during the optimization process.
WARNING:Xst:1293 - FF/Latch <MIPS1/ALU1/MULTI_CYCLE_PROCESS.temp_op1_42> has a constant value of 0 in block <TOP>. This FF/Latch will be trimmed during the optimization process.
WARNING:Xst:1293 - FF/Latch <MIPS1/ALU1/MULTI_CYCLE_PROCESS.temp_op1_41> has a constant value of 0 in block <TOP>. This FF/Latch will be trimmed during the optimization process.
WARNING:Xst:1293 - FF/Latch <MIPS1/ALU1/MULTI_CYCLE_PROCESS.temp_op1_40> has a constant value of 0 in block <TOP>. This FF/Latch will be trimmed during the optimization process.
WARNING:Xst:1293 - FF/Latch <MIPS1/ALU1/MULTI_CYCLE_PROCESS.temp_op1_39> has a constant value of 0 in block <TOP>. This FF/Latch will be trimmed during the optimization process.
WARNING:Xst:1293 - FF/Latch <MIPS1/ALU1/MULTI_CYCLE_PROCESS.temp_op1_38> has a constant value of 0 in block <TOP>. This FF/Latch will be trimmed during the optimization process.
WARNING:Xst:1293 - FF/Latch <MIPS1/ALU1/MULTI_CYCLE_PROCESS.temp_op1_37> has a constant value of 0 in block <TOP>. This FF/Latch will be trimmed during the optimization process.
WARNING:Xst:1293 - FF/Latch <MIPS1/ALU1/MULTI_CYCLE_PROCESS.temp_op1_36> has a constant value of 0 in block <TOP>. This FF/Latch will be trimmed during the optimization process.
WARNING:Xst:1293 - FF/Latch <MIPS1/ALU1/MULTI_CYCLE_PROCESS.temp_op1_35> has a constant value of 0 in block <TOP>. This FF/Latch will be trimmed during the optimization process.
WARNING:Xst:1293 - FF/Latch <MIPS1/ALU1/MULTI_CYCLE_PROCESS.temp_op1_34> has a constant value of 0 in block <TOP>. This FF/Latch will be trimmed during the optimization process.
WARNING:Xst:1293 - FF/Latch <MIPS1/ALU1/MULTI_CYCLE_PROCESS.temp_op1_33> has a constant value of 0 in block <TOP>. This FF/Latch will be trimmed during the optimization process.
WARNING:Xst:1293 - FF/Latch <MIPS1/ALU1/MULTI_CYCLE_PROCESS.temp_op1_32> has a constant value of 0 in block <TOP>. This FF/Latch will be trimmed during the optimization process.
WARNING:Xst:1293 - FF/Latch <MIPS1/ALU1/MULTI_CYCLE_PROCESS.temp_op1_31> has a constant value of 0 in block <TOP>. This FF/Latch will be trimmed during the optimization process.
WARNING:Xst:1293 - FF/Latch <MIPS1/ALU1/MULTI_CYCLE_PROCESS.temp_op1_30> has a constant value of 0 in block <TOP>. This FF/Latch will be trimmed during the optimization process.
WARNING:Xst:1293 - FF/Latch <MIPS1/ALU1/MULTI_CYCLE_PROCESS.temp_op1_29> has a constant value of 0 in block <TOP>. This FF/Latch will be trimmed during the optimization process.
WARNING:Xst:1293 - FF/Latch <MIPS1/ALU1/MULTI_CYCLE_PROCESS.temp_op1_28> has a constant value of 0 in block <TOP>. This FF/Latch will be trimmed during the optimization process.
WARNING:Xst:1293 - FF/Latch <MIPS1/ALU1/MULTI_CYCLE_PROCESS.temp_op1_27> has a constant value of 0 in block <TOP>. This FF/Latch will be trimmed during the optimization process.
WARNING:Xst:1293 - FF/Latch <MIPS1/ALU1/MULTI_CYCLE_PROCESS.temp_op1_26> has a constant value of 0 in block <TOP>. This FF/Latch will be trimmed during the optimization process.
WARNING:Xst:1293 - FF/Latch <MIPS1/ALU1/MULTI_CYCLE_PROCESS.temp_op1_25> has a constant value of 0 in block <TOP>. This FF/Latch will be trimmed during the optimization process.
WARNING:Xst:1293 - FF/Latch <MIPS1/ALU1/MULTI_CYCLE_PROCESS.temp_op1_24> has a constant value of 0 in block <TOP>. This FF/Latch will be trimmed during the optimization process.
WARNING:Xst:1293 - FF/Latch <MIPS1/ALU1/MULTI_CYCLE_PROCESS.temp_op1_23> has a constant value of 0 in block <TOP>. This FF/Latch will be trimmed during the optimization process.
WARNING:Xst:1898 - Due to constant pushing, FF/Latch <MIPS1/ALU1/done> is unconnected in block <TOP>.
WARNING:Xst:2677 - Node <MIPS1/ALU1/MULTI_CYCLE_PROCESS.temp_sum_63> of sequential type is unconnected in block <TOP>.
WARNING:Xst:2677 - Node <MIPS1/ALU1/MULTI_CYCLE_PROCESS.temp_sum_62> of sequential type is unconnected in block <TOP>.
WARNING:Xst:2677 - Node <MIPS1/ALU1/MULTI_CYCLE_PROCESS.temp_sum_61> of sequential type is unconnected in block <TOP>.
WARNING:Xst:2677 - Node <MIPS1/ALU1/MULTI_CYCLE_PROCESS.temp_sum_60> of sequential type is unconnected in block <TOP>.
WARNING:Xst:2677 - Node <MIPS1/ALU1/MULTI_CYCLE_PROCESS.temp_sum_59> of sequential type is unconnected in block <TOP>.
WARNING:Xst:2677 - Node <MIPS1/ALU1/MULTI_CYCLE_PROCESS.temp_sum_58> of sequential type is unconnected in block <TOP>.
WARNING:Xst:2677 - Node <MIPS1/ALU1/MULTI_CYCLE_PROCESS.temp_sum_57> of sequential type is unconnected in block <TOP>.
WARNING:Xst:2677 - Node <MIPS1/ALU1/MULTI_CYCLE_PROCESS.temp_sum_56> of sequential type is unconnected in block <TOP>.
WARNING:Xst:2677 - Node <MIPS1/ALU1/MULTI_CYCLE_PROCESS.temp_sum_55> of sequential type is unconnected in block <TOP>.
WARNING:Xst:2677 - Node <MIPS1/ALU1/MULTI_CYCLE_PROCESS.temp_sum_54> of sequential type is unconnected in block <TOP>.
WARNING:Xst:2677 - Node <MIPS1/ALU1/MULTI_CYCLE_PROCESS.temp_sum_53> of sequential type is unconnected in block <TOP>.
WARNING:Xst:2677 - Node <MIPS1/ALU1/MULTI_CYCLE_PROCESS.temp_sum_52> of sequential type is unconnected in block <TOP>.
WARNING:Xst:2677 - Node <MIPS1/ALU1/MULTI_CYCLE_PROCESS.temp_sum_51> of sequential type is unconnected in block <TOP>.
WARNING:Xst:2677 - Node <MIPS1/ALU1/MULTI_CYCLE_PROCESS.temp_sum_50> of sequential type is unconnected in block <TOP>.
WARNING:Xst:2677 - Node <MIPS1/ALU1/MULTI_CYCLE_PROCESS.temp_sum_49> of sequential type is unconnected in block <TOP>.
WARNING:Xst:2677 - Node <MIPS1/ALU1/MULTI_CYCLE_PROCESS.temp_sum_48> of sequential type is unconnected in block <TOP>.
WARNING:Xst:2677 - Node <MIPS1/ALU1/MULTI_CYCLE_PROCESS.temp_sum_47> of sequential type is unconnected in block <TOP>.
WARNING:Xst:2677 - Node <MIPS1/ALU1/MULTI_CYCLE_PROCESS.temp_sum_46> of sequential type is unconnected in block <TOP>.
WARNING:Xst:2677 - Node <MIPS1/ALU1/MULTI_CYCLE_PROCESS.temp_sum_45> of sequential type is unconnected in block <TOP>.
WARNING:Xst:2677 - Node <MIPS1/ALU1/MULTI_CYCLE_PROCESS.temp_sum_44> of sequential type is unconnected in block <TOP>.
WARNING:Xst:2677 - Node <MIPS1/ALU1/MULTI_CYCLE_PROCESS.temp_sum_43> of sequential type is unconnected in block <TOP>.
WARNING:Xst:2677 - Node <MIPS1/ALU1/MULTI_CYCLE_PROCESS.temp_sum_42> of sequential type is unconnected in block <TOP>.
WARNING:Xst:2677 - Node <MIPS1/ALU1/MULTI_CYCLE_PROCESS.temp_sum_41> of sequential type is unconnected in block <TOP>.
WARNING:Xst:2677 - Node <MIPS1/ALU1/MULTI_CYCLE_PROCESS.temp_sum_40> of sequential type is unconnected in block <TOP>.
WARNING:Xst:2677 - Node <MIPS1/ALU1/MULTI_CYCLE_PROCESS.temp_sum_39> of sequential type is unconnected in block <TOP>.
WARNING:Xst:2677 - Node <MIPS1/ALU1/MULTI_CYCLE_PROCESS.temp_sum_38> of sequential type is unconnected in block <TOP>.
WARNING:Xst:2677 - Node <MIPS1/ALU1/MULTI_CYCLE_PROCESS.temp_sum_37> of sequential type is unconnected in block <TOP>.
WARNING:Xst:2677 - Node <MIPS1/ALU1/MULTI_CYCLE_PROCESS.temp_sum_36> of sequential type is unconnected in block <TOP>.
WARNING:Xst:2677 - Node <MIPS1/ALU1/MULTI_CYCLE_PROCESS.temp_sum_35> of sequential type is unconnected in block <TOP>.
WARNING:Xst:2677 - Node <MIPS1/ALU1/MULTI_CYCLE_PROCESS.temp_sum_34> of sequential type is unconnected in block <TOP>.
WARNING:Xst:2677 - Node <MIPS1/ALU1/MULTI_CYCLE_PROCESS.temp_sum_33> of sequential type is unconnected in block <TOP>.
WARNING:Xst:2677 - Node <MIPS1/ALU1/MULTI_CYCLE_PROCESS.temp_sum_32> of sequential type is unconnected in block <TOP>.
WARNING:Xst:2677 - Node <MIPS1/ALU1/MULTI_CYCLE_PROCESS.temp_sum_31> of sequential type is unconnected in block <TOP>.
WARNING:Xst:2677 - Node <MIPS1/ALU1/MULTI_CYCLE_PROCESS.temp_sum_30> of sequential type is unconnected in block <TOP>.
WARNING:Xst:2677 - Node <MIPS1/ALU1/MULTI_CYCLE_PROCESS.temp_sum_29> of sequential type is unconnected in block <TOP>.
WARNING:Xst:2677 - Node <MIPS1/ALU1/MULTI_CYCLE_PROCESS.temp_sum_28> of sequential type is unconnected in block <TOP>.
WARNING:Xst:2677 - Node <MIPS1/ALU1/MULTI_CYCLE_PROCESS.temp_sum_27> of sequential type is unconnected in block <TOP>.
WARNING:Xst:2677 - Node <MIPS1/ALU1/MULTI_CYCLE_PROCESS.temp_sum_26> of sequential type is unconnected in block <TOP>.
WARNING:Xst:2677 - Node <MIPS1/ALU1/MULTI_CYCLE_PROCESS.temp_sum_25> of sequential type is unconnected in block <TOP>.
WARNING:Xst:2677 - Node <MIPS1/ALU1/MULTI_CYCLE_PROCESS.temp_sum_24> of sequential type is unconnected in block <TOP>.
WARNING:Xst:2677 - Node <MIPS1/ALU1/MULTI_CYCLE_PROCESS.temp_sum_23> of sequential type is unconnected in block <TOP>.
WARNING:Xst:2677 - Node <MIPS1/ALU1/MULTI_CYCLE_PROCESS.temp_sum_22> of sequential type is unconnected in block <TOP>.
WARNING:Xst:2677 - Node <MIPS1/ALU1/MULTI_CYCLE_PROCESS.temp_sum_21> of sequential type is unconnected in block <TOP>.
WARNING:Xst:2677 - Node <MIPS1/ALU1/MULTI_CYCLE_PROCESS.temp_sum_20> of sequential type is unconnected in block <TOP>.
WARNING:Xst:2677 - Node <MIPS1/ALU1/MULTI_CYCLE_PROCESS.temp_sum_19> of sequential type is unconnected in block <TOP>.
WARNING:Xst:2677 - Node <MIPS1/ALU1/MULTI_CYCLE_PROCESS.temp_sum_18> of sequential type is unconnected in block <TOP>.
WARNING:Xst:2677 - Node <MIPS1/ALU1/MULTI_CYCLE_PROCESS.temp_sum_17> of sequential type is unconnected in block <TOP>.
WARNING:Xst:2677 - Node <MIPS1/ALU1/MULTI_CYCLE_PROCESS.temp_sum_16> of sequential type is unconnected in block <TOP>.
WARNING:Xst:2677 - Node <MIPS1/ALU1/MULTI_CYCLE_PROCESS.temp_sum_15> of sequential type is unconnected in block <TOP>.
WARNING:Xst:2677 - Node <MIPS1/ALU1/MULTI_CYCLE_PROCESS.temp_sum_14> of sequential type is unconnected in block <TOP>.
WARNING:Xst:2677 - Node <MIPS1/ALU1/MULTI_CYCLE_PROCESS.temp_sum_13> of sequential type is unconnected in block <TOP>.
WARNING:Xst:2677 - Node <MIPS1/ALU1/MULTI_CYCLE_PROCESS.temp_sum_12> of sequential type is unconnected in block <TOP>.
WARNING:Xst:2677 - Node <MIPS1/ALU1/MULTI_CYCLE_PROCESS.temp_sum_11> of sequential type is unconnected in block <TOP>.
WARNING:Xst:2677 - Node <MIPS1/ALU1/MULTI_CYCLE_PROCESS.temp_sum_10> of sequential type is unconnected in block <TOP>.
WARNING:Xst:2677 - Node <MIPS1/ALU1/MULTI_CYCLE_PROCESS.temp_sum_9> of sequential type is unconnected in block <TOP>.
WARNING:Xst:2677 - Node <MIPS1/ALU1/MULTI_CYCLE_PROCESS.temp_sum_8> of sequential type is unconnected in block <TOP>.
WARNING:Xst:2677 - Node <MIPS1/ALU1/MULTI_CYCLE_PROCESS.temp_sum_7> of sequential type is unconnected in block <TOP>.
WARNING:Xst:2677 - Node <MIPS1/ALU1/MULTI_CYCLE_PROCESS.temp_sum_6> of sequential type is unconnected in block <TOP>.
WARNING:Xst:2677 - Node <MIPS1/ALU1/MULTI_CYCLE_PROCESS.temp_sum_5> of sequential type is unconnected in block <TOP>.
WARNING:Xst:2677 - Node <MIPS1/ALU1/MULTI_CYCLE_PROCESS.temp_sum_4> of sequential type is unconnected in block <TOP>.
WARNING:Xst:2677 - Node <MIPS1/ALU1/MULTI_CYCLE_PROCESS.temp_sum_3> of sequential type is unconnected in block <TOP>.
WARNING:Xst:2677 - Node <MIPS1/ALU1/MULTI_CYCLE_PROCESS.temp_sum_2> of sequential type is unconnected in block <TOP>.
WARNING:Xst:2677 - Node <MIPS1/ALU1/MULTI_CYCLE_PROCESS.temp_sum_1> of sequential type is unconnected in block <TOP>.
WARNING:Xst:2677 - Node <MIPS1/ALU1/MULTI_CYCLE_PROCESS.temp_sum_0> of sequential type is unconnected in block <TOP>.
WARNING:Xst:2677 - Node <MIPS1/ALU1/MULTI_CYCLE_PROCESS.count_15> of sequential type is unconnected in block <TOP>.
WARNING:Xst:2677 - Node <MIPS1/ALU1/MULTI_CYCLE_PROCESS.count_14> of sequential type is unconnected in block <TOP>.
WARNING:Xst:2677 - Node <MIPS1/ALU1/MULTI_CYCLE_PROCESS.count_13> of sequential type is unconnected in block <TOP>.
WARNING:Xst:2677 - Node <MIPS1/ALU1/MULTI_CYCLE_PROCESS.count_12> of sequential type is unconnected in block <TOP>.
WARNING:Xst:2677 - Node <MIPS1/ALU1/MULTI_CYCLE_PROCESS.count_11> of sequential type is unconnected in block <TOP>.
WARNING:Xst:2677 - Node <MIPS1/ALU1/MULTI_CYCLE_PROCESS.count_10> of sequential type is unconnected in block <TOP>.
WARNING:Xst:2677 - Node <MIPS1/ALU1/MULTI_CYCLE_PROCESS.count_9> of sequential type is unconnected in block <TOP>.
WARNING:Xst:2677 - Node <MIPS1/ALU1/MULTI_CYCLE_PROCESS.count_8> of sequential type is unconnected in block <TOP>.
WARNING:Xst:2677 - Node <MIPS1/ALU1/MULTI_CYCLE_PROCESS.count_7> of sequential type is unconnected in block <TOP>.
WARNING:Xst:2677 - Node <MIPS1/ALU1/MULTI_CYCLE_PROCESS.count_6> of sequential type is unconnected in block <TOP>.
WARNING:Xst:2677 - Node <MIPS1/ALU1/MULTI_CYCLE_PROCESS.count_5> of sequential type is unconnected in block <TOP>.
WARNING:Xst:2677 - Node <MIPS1/ALU1/MULTI_CYCLE_PROCESS.count_4> of sequential type is unconnected in block <TOP>.
WARNING:Xst:2677 - Node <MIPS1/ALU1/MULTI_CYCLE_PROCESS.count_3> of sequential type is unconnected in block <TOP>.
WARNING:Xst:2677 - Node <MIPS1/ALU1/MULTI_CYCLE_PROCESS.count_2> of sequential type is unconnected in block <TOP>.
WARNING:Xst:2677 - Node <MIPS1/ALU1/MULTI_CYCLE_PROCESS.count_1> of sequential type is unconnected in block <TOP>.
WARNING:Xst:2677 - Node <MIPS1/ALU1/MULTI_CYCLE_PROCESS.count_0> of sequential type is unconnected in block <TOP>.

Mapping all equations...
Building and optimizing final netlist ...
Found area constraint ratio of 100 (+ 5) on block TOP, actual ratio is 1.

Final Macro Processing ...

=========================================================================
Final Register Report

Macro Statistics
# Registers                                            : 99
 Flip-Flops                                            : 99

=========================================================================

=========================================================================
*                           Partition Report                            *
=========================================================================

Partition Implementation Status
-------------------------------

  No Partitions were found in this design.

-------------------------------

=========================================================================
*                            Design Summary                             *
=========================================================================

Top Level Output File Name         : TOP.ngc

Primitive and Black Box Usage:
------------------------------
# BELS                             : 1447
#      GND                         : 1
#      INV                         : 3
#      LUT1                        : 79
#      LUT2                        : 24
#      LUT3                        : 92
#      LUT4                        : 44
#      LUT5                        : 261
#      LUT6                        : 587
#      MUXCY                       : 190
#      MUXF7                       : 30
#      VCC                         : 1
#      XORCY                       : 135
# FlipFlops/Latches                : 99
#      FD                          : 27
#      FDC                         : 31
#      FDE                         : 40
#      FDP                         : 1
# RAMS                             : 46
#      RAM256X1S                   : 32
#      RAM32M                      : 10
#      RAM32X1D                    : 4
# Clock Buffers                    : 2
#      BUFG                        : 1
#      BUFGP                       : 1
# IO Buffers                       : 33
#      IBUF                        : 17
#      OBUF                        : 16

Device utilization summary:
---------------------------

Selected Device : 7a100tcsg324-1 


Slice Logic Utilization: 
 Number of Slice Registers:              99  out of  126800     0%  
 Number of Slice LUTs:                 1266  out of  63400     1%  
    Number used as Logic:              1090  out of  63400     1%  
    Number used as Memory:              176  out of  19000     0%  
       Number used as RAM:              176

Slice Logic Distribution: 
 Number of LUT Flip Flop pairs used:   1273
   Number with an unused Flip Flop:    1174  out of   1273    92%  
   Number with an unused LUT:             7  out of   1273     0%  
   Number of fully used LUT-FF pairs:    92  out of   1273     7%  
   Number of unique control sets:         4

IO Utilization: 
 Number of IOs:                          34
 Number of bonded IOBs:                  34  out of    210    16%  

Specific Feature Utilization:
 Number of BUFG/BUFGCTRLs:                2  out of     32     6%  

---------------------------
Partition Resource Summary:
---------------------------

  No Partitions were found in this design.

---------------------------


=========================================================================
Timing Report

NOTE: THESE TIMING NUMBERS ARE ONLY A SYNTHESIS ESTIMATE.
      FOR ACCURATE TIMING INFORMATION PLEASE REFER TO THE TRACE REPORT
      GENERATED AFTER PLACE-and-ROUTE.

Clock Information:
------------------
-----------------------------------+------------------------+-------+
Clock Signal                       | Clock buffer(FF name)  | Load  |
-----------------------------------+------------------------+-------+
CLK_undiv                          | BUFGP                  | 27    |
CLK                                | BUFG                   | 118   |
-----------------------------------+------------------------+-------+

Asynchronous Control Signals Information:
----------------------------------------
No asynchronous control signals found in this design

Timing Summary:
---------------
Speed Grade: -1

   Minimum period: 12.153ns (Maximum Frequency: 82.285MHz)
   Minimum input arrival time before clock: 2.110ns
   Maximum output required time after clock: 1.028ns
   Maximum combinational path delay: No path found

Timing Details:
---------------
All values displayed in nanoseconds (ns)

=========================================================================
Timing constraint: Default period analysis for Clock 'CLK_undiv'
  Clock period: 2.743ns (frequency: 364.564MHz)
  Total number of paths / destination ports: 377 / 27
-------------------------------------------------------------------------
Delay:               2.743ns (Levels of Logic = 27)
  Source:            CLK_DIV_PROCESS.clk_counter_0 (FF)
  Destination:       CLK (FF)
  Source Clock:      CLK_undiv rising
  Destination Clock: CLK_undiv rising

  Data Path: CLK_DIV_PROCESS.clk_counter_0 to CLK
                                Gate     Net
    Cell:in->out      fanout   Delay   Delay  Logical Name (Net Name)
    ----------------------------------------  ------------
     FD:C->Q               2   0.478   0.405  CLK_DIV_PROCESS.clk_counter_0 (CLK_DIV_PROCESS.clk_counter_0)
     INV:I->O              1   0.146   0.000  Madd_CLK_DIV_PROCESS.clk_counter[25]_GND_5_o_add_12_OUT_lut<0>_INV_0 (Madd_CLK_DIV_PROCESS.clk_counter[25]_GND_5_o_add_12_OUT_lut<0>)
     MUXCY:S->O            1   0.472   0.000  Madd_CLK_DIV_PROCESS.clk_counter[25]_GND_5_o_add_12_OUT_cy<0> (Madd_CLK_DIV_PROCESS.clk_counter[25]_GND_5_o_add_12_OUT_cy<0>)
     MUXCY:CI->O           1   0.029   0.000  Madd_CLK_DIV_PROCESS.clk_counter[25]_GND_5_o_add_12_OUT_cy<1> (Madd_CLK_DIV_PROCESS.clk_counter[25]_GND_5_o_add_12_OUT_cy<1>)
     MUXCY:CI->O           1   0.029   0.000  Madd_CLK_DIV_PROCESS.clk_counter[25]_GND_5_o_add_12_OUT_cy<2> (Madd_CLK_DIV_PROCESS.clk_counter[25]_GND_5_o_add_12_OUT_cy<2>)
     MUXCY:CI->O           1   0.029   0.000  Madd_CLK_DIV_PROCESS.clk_counter[25]_GND_5_o_add_12_OUT_cy<3> (Madd_CLK_DIV_PROCESS.clk_counter[25]_GND_5_o_add_12_OUT_cy<3>)
     MUXCY:CI->O           1   0.029   0.000  Madd_CLK_DIV_PROCESS.clk_counter[25]_GND_5_o_add_12_OUT_cy<4> (Madd_CLK_DIV_PROCESS.clk_counter[25]_GND_5_o_add_12_OUT_cy<4>)
     MUXCY:CI->O           1   0.029   0.000  Madd_CLK_DIV_PROCESS.clk_counter[25]_GND_5_o_add_12_OUT_cy<5> (Madd_CLK_DIV_PROCESS.clk_counter[25]_GND_5_o_add_12_OUT_cy<5>)
     MUXCY:CI->O           1   0.029   0.000  Madd_CLK_DIV_PROCESS.clk_counter[25]_GND_5_o_add_12_OUT_cy<6> (Madd_CLK_DIV_PROCESS.clk_counter[25]_GND_5_o_add_12_OUT_cy<6>)
     MUXCY:CI->O           1   0.029   0.000  Madd_CLK_DIV_PROCESS.clk_counter[25]_GND_5_o_add_12_OUT_cy<7> (Madd_CLK_DIV_PROCESS.clk_counter[25]_GND_5_o_add_12_OUT_cy<7>)
     MUXCY:CI->O           1   0.029   0.000  Madd_CLK_DIV_PROCESS.clk_counter[25]_GND_5_o_add_12_OUT_cy<8> (Madd_CLK_DIV_PROCESS.clk_counter[25]_GND_5_o_add_12_OUT_cy<8>)
     MUXCY:CI->O           1   0.029   0.000  Madd_CLK_DIV_PROCESS.clk_counter[25]_GND_5_o_add_12_OUT_cy<9> (Madd_CLK_DIV_PROCESS.clk_counter[25]_GND_5_o_add_12_OUT_cy<9>)
     MUXCY:CI->O           1   0.029   0.000  Madd_CLK_DIV_PROCESS.clk_counter[25]_GND_5_o_add_12_OUT_cy<10> (Madd_CLK_DIV_PROCESS.clk_counter[25]_GND_5_o_add_12_OUT_cy<10>)
     MUXCY:CI->O           1   0.029   0.000  Madd_CLK_DIV_PROCESS.clk_counter[25]_GND_5_o_add_12_OUT_cy<11> (Madd_CLK_DIV_PROCESS.clk_counter[25]_GND_5_o_add_12_OUT_cy<11>)
     MUXCY:CI->O           1   0.029   0.000  Madd_CLK_DIV_PROCESS.clk_counter[25]_GND_5_o_add_12_OUT_cy<12> (Madd_CLK_DIV_PROCESS.clk_counter[25]_GND_5_o_add_12_OUT_cy<12>)
     MUXCY:CI->O           1   0.029   0.000  Madd_CLK_DIV_PROCESS.clk_counter[25]_GND_5_o_add_12_OUT_cy<13> (Madd_CLK_DIV_PROCESS.clk_counter[25]_GND_5_o_add_12_OUT_cy<13>)
     MUXCY:CI->O           1   0.029   0.000  Madd_CLK_DIV_PROCESS.clk_counter[25]_GND_5_o_add_12_OUT_cy<14> (Madd_CLK_DIV_PROCESS.clk_counter[25]_GND_5_o_add_12_OUT_cy<14>)
     MUXCY:CI->O           1   0.029   0.000  Madd_CLK_DIV_PROCESS.clk_counter[25]_GND_5_o_add_12_OUT_cy<15> (Madd_CLK_DIV_PROCESS.clk_counter[25]_GND_5_o_add_12_OUT_cy<15>)
     MUXCY:CI->O           1   0.029   0.000  Madd_CLK_DIV_PROCESS.clk_counter[25]_GND_5_o_add_12_OUT_cy<16> (Madd_CLK_DIV_PROCESS.clk_counter[25]_GND_5_o_add_12_OUT_cy<16>)
     MUXCY:CI->O           1   0.029   0.000  Madd_CLK_DIV_PROCESS.clk_counter[25]_GND_5_o_add_12_OUT_cy<17> (Madd_CLK_DIV_PROCESS.clk_counter[25]_GND_5_o_add_12_OUT_cy<17>)
     MUXCY:CI->O           1   0.029   0.000  Madd_CLK_DIV_PROCESS.clk_counter[25]_GND_5_o_add_12_OUT_cy<18> (Madd_CLK_DIV_PROCESS.clk_counter[25]_GND_5_o_add_12_OUT_cy<18>)
     MUXCY:CI->O           1   0.029   0.000  Madd_CLK_DIV_PROCESS.clk_counter[25]_GND_5_o_add_12_OUT_cy<19> (Madd_CLK_DIV_PROCESS.clk_counter[25]_GND_5_o_add_12_OUT_cy<19>)
     MUXCY:CI->O           1   0.029   0.000  Madd_CLK_DIV_PROCESS.clk_counter[25]_GND_5_o_add_12_OUT_cy<20> (Madd_CLK_DIV_PROCESS.clk_counter[25]_GND_5_o_add_12_OUT_cy<20>)
     MUXCY:CI->O           1   0.029   0.000  Madd_CLK_DIV_PROCESS.clk_counter[25]_GND_5_o_add_12_OUT_cy<21> (Madd_CLK_DIV_PROCESS.clk_counter[25]_GND_5_o_add_12_OUT_cy<21>)
     MUXCY:CI->O           1   0.029   0.000  Madd_CLK_DIV_PROCESS.clk_counter[25]_GND_5_o_add_12_OUT_cy<22> (Madd_CLK_DIV_PROCESS.clk_counter[25]_GND_5_o_add_12_OUT_cy<22>)
     MUXCY:CI->O           1   0.029   0.000  Madd_CLK_DIV_PROCESS.clk_counter[25]_GND_5_o_add_12_OUT_cy<23> (Madd_CLK_DIV_PROCESS.clk_counter[25]_GND_5_o_add_12_OUT_cy<23>)
     MUXCY:CI->O           0   0.029   0.000  Madd_CLK_DIV_PROCESS.clk_counter[25]_GND_5_o_add_12_OUT_cy<24> (Madd_CLK_DIV_PROCESS.clk_counter[25]_GND_5_o_add_12_OUT_cy<24>)
     XORCY:CI->O           1   0.510   0.000  Madd_CLK_DIV_PROCESS.clk_counter[25]_GND_5_o_add_12_OUT_xor<25> (CLK_DIV_PROCESS.clk_counter[25]_GND_5_o_add_12_OUT<25>)
     FD:D                      0.030          CLK
    ----------------------------------------
    Total                      2.743ns (2.338ns logic, 0.405ns route)
                                       (85.2% logic, 14.8% route)

=========================================================================
Timing constraint: Default period analysis for Clock 'CLK'
  Clock period: 12.153ns (frequency: 82.285MHz)
  Total number of paths / destination ports: 1611853278 / 630
-------------------------------------------------------------------------
Delay:               12.153ns (Levels of Logic = 13)
  Source:            MIPS1/PC1/PC_out_0 (FF)
  Destination:       Mram_DATA_MEM2 (RAM)
  Source Clock:      CLK rising
  Destination Clock: CLK rising

  Data Path: MIPS1/PC1/PC_out_0 to Mram_DATA_MEM2
                                Gate     Net
    Cell:in->out      fanout   Delay   Delay  Logical Name (Net Name)
    ----------------------------------------  ------------
     FDC:C->Q              4   0.478   0.959  MIPS1/PC1/PC_out_0 (MIPS1/PC1/PC_out_0)
     LUT6:I0->O            3   0.124   0.933  Addr_Instr[31]_GND_5_o_equal_8_o<31>1_1 (Addr_Instr[31]_GND_5_o_equal_8_o<31>11)
     LUT5:I0->O           11   0.124   1.005  Mmux_Instr201 (Instr<27>)
     LUT6:I0->O           44   0.124   0.576  MIPS1/ControlUnit1/Mmux_JumptoReg111 (MIPS1/ControlUnit1/Mmux_JumptoReg11)
     LUT6:I5->O            2   0.124   0.542  MIPS1/ControlUnit1/Mmux_Shift_Reg12_1 (MIPS1/ControlUnit1/Mmux_Shift_Reg12)
     LUT6:I4->O           99   0.124   0.703  MIPS1/Mmux_ALU_InB121 (MIPS1/ALU_InB<1>)
     LUT6:I4->O            3   0.124   0.435  MIPS1/ALU1/Operand2<1>271 (MIPS1/ALU1/Operand2<1>_mmx_out33)
     LUT6:I5->O            4   0.124   0.736  MIPS1/ALU1/Operand2<2>19 (MIPS1/ALU1/Operand2<2>_mmx_out26)
     LUT6:I3->O            1   0.124   0.399  MIPS1/ALU1/Mmux_Result11474 (MIPS1/ALU1/Mmux_Result11473)
     MUXF7:S->O            1   0.465   0.421  MIPS1/ALU1/Mmux_Result11479_SW0 (N325)
     LUT6:I5->O           11   0.124   0.602  MIPS1/ALU1/Mmux_Result114710 (Addr_Data<30>)
     LUT2:I0->O            1   0.124   0.716  GND_5_o_Addr_Data[31]_LessThan_1_o23_SW0 (N461)
     LUT6:I3->O            1   0.124   0.000  MemWrite_dec_DATA_MEM_AND_59_o1_lut (MemWrite_dec_DATA_MEM_AND_59_o1_lut)
     MUXCY:S->O           32   0.777   0.552  MemWrite_dec_DATA_MEM_AND_59_o1_cy (MemWrite_dec_DATA_MEM_AND_59_o)
     RAM256X1S:WE              0.490          Mram_DATA_MEM2
    ----------------------------------------
    Total                     12.153ns (3.574ns logic, 8.579ns route)
                                       (29.4% logic, 70.6% route)

=========================================================================
Timing constraint: Default OFFSET IN BEFORE for Clock 'CLK'
  Total number of paths / destination ports: 64 / 64
-------------------------------------------------------------------------
Offset:              2.110ns (Levels of Logic = 2)
  Source:            RESET (PAD)
  Destination:       MIPS1/PC1/PC_out_0 (FF)
  Destination Clock: CLK rising

  Data Path: RESET to MIPS1/PC1/PC_out_0
                                Gate     Net
    Cell:in->out      fanout   Delay   Delay  Logical Name (Net Name)
    ----------------------------------------  ------------
     IBUF:I->O             1   0.001   0.939  RESET_IBUF (RESET_IBUF)
     LUT6:I0->O           32   0.124   0.552  MIPS1/PC1/RESET_PC_in[31]_OR_32_o7 (MIPS1/PC1/RESET_PC_in[31]_OR_32_o)
     FDC:CLR                   0.494          MIPS1/PC1/PC_out_30
    ----------------------------------------
    Total                      2.110ns (0.619ns logic, 1.491ns route)
                                       (29.3% logic, 70.7% route)

=========================================================================
Timing constraint: Default OFFSET OUT AFTER for Clock 'CLK_undiv'
  Total number of paths / destination ports: 1 / 1
-------------------------------------------------------------------------
Offset:              0.877ns (Levels of Logic = 1)
  Source:            CLK (FF)
  Destination:       LED<15> (PAD)
  Source Clock:      CLK_undiv rising

  Data Path: CLK to LED<15>
                                Gate     Net
    Cell:in->out      fanout   Delay   Delay  Logical Name (Net Name)
    ----------------------------------------  ------------
     FD:C->Q               1   0.478   0.399  CLK (CLK)
     OBUF:I->O                 0.000          LED_15_OBUF (LED<15>)
    ----------------------------------------
    Total                      0.877ns (0.478ns logic, 0.399ns route)
                                       (54.5% logic, 45.5% route)

=========================================================================
Timing constraint: Default OFFSET OUT AFTER for Clock 'CLK'
  Total number of paths / destination ports: 15 / 15
-------------------------------------------------------------------------
Offset:              1.028ns (Levels of Logic = 1)
  Source:            MIPS1/PC1/PC_out_7 (FF)
  Destination:       LED<13> (PAD)
  Source Clock:      CLK rising

  Data Path: MIPS1/PC1/PC_out_7 to LED<13>
                                Gate     Net
    Cell:in->out      fanout   Delay   Delay  Logical Name (Net Name)
    ----------------------------------------  ------------
     FDC:C->Q             26   0.478   0.550  MIPS1/PC1/PC_out_7 (MIPS1/PC1/PC_out_7)
     OBUF:I->O                 0.000          LED_13_OBUF (LED<13>)
    ----------------------------------------
    Total                      1.028ns (0.478ns logic, 0.550ns route)
                                       (46.5% logic, 53.5% route)

=========================================================================

Cross Clock Domains Report:
--------------------------

Clock to Setup on destination clock CLK
---------------+---------+---------+---------+---------+
               | Src:Rise| Src:Fall| Src:Rise| Src:Fall|
Source Clock   |Dest:Rise|Dest:Rise|Dest:Fall|Dest:Fall|
---------------+---------+---------+---------+---------+
CLK            |   12.153|         |         |         |
---------------+---------+---------+---------+---------+

Clock to Setup on destination clock CLK_undiv
---------------+---------+---------+---------+---------+
               | Src:Rise| Src:Fall| Src:Rise| Src:Fall|
Source Clock   |Dest:Rise|Dest:Rise|Dest:Fall|Dest:Fall|
---------------+---------+---------+---------+---------+
CLK_undiv      |    2.743|         |         |         |
---------------+---------+---------+---------+---------+

=========================================================================


Total REAL time to Xst completion: 35.00 secs
Total CPU time to Xst completion: 35.35 secs
 
--> 

Total memory usage is 495092 kilobytes

Number of errors   :    0 (   0 filtered)
Number of warnings :  276 (   0 filtered)
Number of infos    :    9 (   0 filtered)

